+ mkdir -p /home/mma/project/docker-shared/dockerfiles/ubuntu/trusty/rootfs
+ debootstrap --components=main,beta,universe,backports --variant=minbase --include=inetutils-ping,iproute,lsb-release,procps --force-check-gpg trusty /home/mma/project/docker-shared/dockerfiles/ubuntu/trusty/rootfs http://de.archive.ubuntu.com/ubuntu
I: Retrieving InRelease 
I: Retrieving Release 
I: Checking Release signature
I: Valid Release signature (key id 790BC7277767219C42C86F933B4FE6ACC0B21F32)
I: Validating Packages 
I: Validating Packages 
I: Found packages in base already in required: procps 
I: Resolving dependencies of required packages...
I: Resolving dependencies of base packages...
I: Found additional base dependencies: dh-python gcc-4.8-base gnupg gpgv libapt-pkg4.12 libexpat1 libffi6 libmpdec2 libpython3-stdlib libpython3.4-minimal libpython3.4-stdlib libreadline6 libsqlite3-0 libssl1.0.0 libstdc++6 libusb-0.1-4 mime-support netbase python3 python3-minimal python3.4 python3.4-minimal readline-common ubuntu-keyring 
I: Checking component main on http://de.archive.ubuntu.com/ubuntu...
I: Checking component universe on http://de.archive.ubuntu.com/ubuntu...
I: Validating adduser 3.113+nmu3ubuntu3
I: Validating apt 1.0.1ubuntu2
I: Validating base-files 7.2ubuntu5
I: Validating base-passwd 3.5.33
I: Validating bash 4.3-6ubuntu1
I: Validating bsdutils 1:2.20.1-5.1ubuntu20
I: Validating busybox-initramfs 1:1.21.0-1ubuntu1
I: Validating coreutils 8.21-1ubuntu5
I: Validating cpio 2.11+dfsg-1ubuntu1
I: Validating dash 0.5.7-4ubuntu1
I: Validating debconf 1.5.51ubuntu2
I: Validating debianutils 4.4
I: Validating dh-python 1.20140128-1ubuntu8
I: Validating diffutils 1:3.3-1
I: Validating dpkg 1.17.5ubuntu5
I: Validating e2fslibs 1.42.9-3ubuntu1
I: Validating e2fsprogs 1.42.9-3ubuntu1
I: Validating findutils 4.4.2-7
I: Validating gcc-4.8-base 4.8.2-19ubuntu1
I: Validating gcc-4.9-base 4.9-20140406-0ubuntu1
I: Validating gnupg 1.4.16-1ubuntu2
I: Validating gpgv 1.4.16-1ubuntu2
I: Validating grep 2.16-1
I: Validating gzip 1.6-3ubuntu1
I: Validating hostname 3.15ubuntu1
I: Validating ifupdown 0.7.47.2ubuntu4
I: Validating initramfs-tools 0.103ubuntu4
I: Validating initramfs-tools-bin 0.103ubuntu4
I: Validating initscripts 2.88dsf-41ubuntu6
I: Validating insserv 1.14.0-5ubuntu2
I: Validating iproute 1:3.12.0-2
I: Validating iproute2 3.12.0-2
I: Validating klibc-utils 2.0.3-0ubuntu1
I: Validating kmod 15-0ubuntu6
I: Validating libacl1 2.2.52-1
I: Validating libapt-pkg4.12 1.0.1ubuntu2
I: Validating libattr1 1:2.4.47-1ubuntu1
I: Validating libaudit-common 1:2.3.2-2ubuntu1
I: Validating libaudit1 1:2.3.2-2ubuntu1
I: Validating libblkid1 2.20.1-5.1ubuntu20
I: Validating libbz2-1.0 1.0.6-5
I: Validating libc-bin 2.19-0ubuntu6
I: Validating libc6 2.19-0ubuntu6
I: Validating libcap2 1:2.24-0ubuntu2
I: Validating libcgmanager0 0.24-0ubuntu5
I: Validating libcomerr2 1.42.9-3ubuntu1
I: Validating libdb5.3 5.3.28-3ubuntu3
I: Validating libdbus-1-3 1.6.18-0ubuntu4
I: Validating libdebconfclient0 0.187ubuntu1
I: Validating libdrm2 2.4.52-1
I: Validating libexpat1 2.1.0-4ubuntu1
I: Validating libffi6 3.1~rc1+r3.0.13-12
I: Validating libgcc1 1:4.9-20140406-0ubuntu1
I: Validating libjson-c2 0.11-3ubuntu1
I: Validating libjson0 0.11-3ubuntu1
I: Validating libklibc 2.0.3-0ubuntu1
I: Validating libkmod2 15-0ubuntu6
I: Validating liblzma5 5.1.1alpha+20120614-2ubuntu2
I: Validating libmount1 2.20.1-5.1ubuntu20
I: Validating libmpdec2 2.4.0-6
I: Validating libncurses5 5.9+20140118-1ubuntu1
I: Validating libncursesw5 5.9+20140118-1ubuntu1
I: Validating libnih-dbus1 1.0.3-4ubuntu25
I: Validating libnih1 1.0.3-4ubuntu25
I: Validating libpam-modules 1.1.8-1ubuntu2
I: Validating libpam-modules-bin 1.1.8-1ubuntu2
I: Validating libpam-runtime 1.1.8-1ubuntu2
I: Validating libpam0g 1.1.8-1ubuntu2
I: Validating libpcre3 1:8.31-2ubuntu2
I: Validating libplymouth2 0.8.8-0ubuntu17
I: Validating libpng12-0 1.2.50-1ubuntu2
I: Validating libprocps3 1:3.3.9-1ubuntu2
I: Validating libpython3-stdlib 3.4.0-0ubuntu2
I: Validating libpython3.4-minimal 3.4.0-2ubuntu1
I: Validating libpython3.4-stdlib 3.4.0-2ubuntu1
I: Validating libreadline6 6.3-4ubuntu2
I: Validating libselinux1 2.2.2-1
I: Validating libsemanage-common 2.2-1
I: Validating libsemanage1 2.2-1
I: Validating libsepol1 2.2-1
I: Validating libslang2 2.2.4-15ubuntu1
I: Validating libsqlite3-0 3.8.2-1ubuntu2
I: Validating libss2 1.42.9-3ubuntu1
I: Validating libssl1.0.0 1.0.1f-1ubuntu2
I: Validating libstdc++6 4.8.2-19ubuntu1
I: Validating libtinfo5 5.9+20140118-1ubuntu1
I: Validating libudev1 204-5ubuntu20
I: Validating libusb-0.1-4 2:0.1.12-23.3ubuntu1
I: Validating libustr-1.0-1 1.0.4-3ubuntu2
I: Validating libuuid1 2.20.1-5.1ubuntu20
I: Validating locales 2.13+git20120306-12
I: Validating login 1:4.1.5.1-1ubuntu9
I: Validating lsb-base 4.1+Debian11ubuntu6
I: Validating lsb-release 4.1+Debian11ubuntu6
I: Validating makedev 2.3.1-93ubuntu1
I: Validating mawk 1.3.3-17ubuntu2
I: Validating mime-support 3.54ubuntu1
I: Validating module-init-tools 15-0ubuntu6
I: Validating mount 2.20.1-5.1ubuntu20
I: Validating mountall 2.53
I: Validating multiarch-support 2.19-0ubuntu6
I: Validating ncurses-base 5.9+20140118-1ubuntu1
I: Validating ncurses-bin 5.9+20140118-1ubuntu1
I: Validating netbase 5.2
I: Validating passwd 1:4.1.5.1-1ubuntu9
I: Validating perl-base 5.18.2-2ubuntu1
I: Validating plymouth 0.8.8-0ubuntu17
I: Validating procps 1:3.3.9-1ubuntu2
I: Validating python3 3.4.0-0ubuntu2
I: Validating python3-minimal 3.4.0-0ubuntu2
I: Validating python3.4 3.4.0-2ubuntu1
I: Validating python3.4-minimal 3.4.0-2ubuntu1
I: Validating readline-common 6.3-4ubuntu2
I: Validating sed 4.2.2-4ubuntu1
I: Validating sensible-utils 0.0.9
I: Validating sysv-rc 2.88dsf-41ubuntu6
I: Validating sysvinit-utils 2.88dsf-41ubuntu6
I: Validating tar 1.27.1-1
I: Validating tzdata 2014b-1
I: Validating ubuntu-keyring 2012.05.19
I: Validating udev 204-5ubuntu20
I: Validating upstart 1.12.1-0ubuntu4
I: Validating util-linux 2.20.1-5.1ubuntu20
I: Validating zlib1g 1:1.2.8.dfsg-1ubuntu1
I: Validating inetutils-ping 2:1.9.2-1
I: Chosen extractor for .deb packages: ar
I: Extracting adduser...
I: Extracting base-files...
I: Extracting base-passwd...
I: Extracting bash...
I: Extracting bsdutils...
I: Extracting busybox-initramfs...
I: Extracting coreutils...
I: Extracting cpio...
I: Extracting dash...
I: Extracting debconf...
I: Extracting debianutils...
I: Extracting diffutils...
I: Extracting dpkg...
I: Extracting e2fslibs...
I: Extracting e2fsprogs...
I: Extracting findutils...
I: Extracting gcc-4.9-base...
I: Extracting grep...
I: Extracting gzip...
I: Extracting hostname...
I: Extracting ifupdown...
I: Extracting initramfs-tools...
I: Extracting initramfs-tools-bin...
I: Extracting initscripts...
I: Extracting insserv...
I: Extracting iproute2...
I: Extracting klibc-utils...
I: Extracting kmod...
I: Extracting libacl1...
I: Extracting libattr1...
I: Extracting libaudit-common...
I: Extracting libaudit1...
I: Extracting libblkid1...
I: Extracting libbz2-1.0...
I: Extracting libc-bin...
I: Extracting libc6...
I: Extracting libcap2...
I: Extracting libcgmanager0...
I: Extracting libcomerr2...
I: Extracting libdb5.3...
I: Extracting libdbus-1-3...
I: Extracting libdebconfclient0...
I: Extracting libdrm2...
I: Extracting libgcc1...
I: Extracting libjson-c2...
I: Extracting libjson0...
I: Extracting libklibc...
I: Extracting libkmod2...
I: Extracting liblzma5...
I: Extracting libmount1...
I: Extracting libncurses5...
I: Extracting libncursesw5...
I: Extracting libnih-dbus1...
I: Extracting libnih1...
I: Extracting libpam-modules...
I: Extracting libpam-modules-bin...
I: Extracting libpam-runtime...
I: Extracting libpam0g...
I: Extracting libpcre3...
I: Extracting libplymouth2...
I: Extracting libpng12-0...
I: Extracting libprocps3...
I: Extracting libselinux1...
I: Extracting libsemanage-common...
I: Extracting libsemanage1...
I: Extracting libsepol1...
I: Extracting libslang2...
I: Extracting libss2...
I: Extracting libtinfo5...
I: Extracting libudev1...
I: Extracting libustr-1.0-1...
I: Extracting libuuid1...
I: Extracting locales...
I: Extracting login...
I: Extracting lsb-base...
I: Extracting makedev...
I: Extracting mawk...
I: Extracting module-init-tools...
I: Extracting mount...
I: Extracting mountall...
I: Extracting multiarch-support...
I: Extracting ncurses-base...
I: Extracting ncurses-bin...
I: Extracting passwd...
I: Extracting perl-base...
I: Extracting plymouth...
I: Extracting procps...
I: Extracting sed...
I: Extracting sensible-utils...
I: Extracting sysv-rc...
I: Extracting sysvinit-utils...
I: Extracting tar...
I: Extracting tzdata...
I: Extracting udev...
I: Extracting upstart...
I: Extracting util-linux...
I: Extracting zlib1g...
