+ mkdir -p /home/mma/project/docker-shared/dockerfiles/ubuntu/xenial/rootfs
+ debootstrap --components=main,beta,universe,backports --variant=minbase --include=inetutils-ping,iproute,lsb-release,procps --force-check-gpg xenial /home/mma/project/docker-shared/dockerfiles/ubuntu/xenial/rootfs http://de.archive.ubuntu.com/ubuntu
I: Retrieving InRelease 
I: Checking Release signature
I: Valid Release signature (key id 790BC7277767219C42C86F933B4FE6ACC0B21F32)
I: Retrieving Packages 
I: Validating Packages 
I: Retrieving Packages 
I: Validating Packages 
I: Found packages in base already in required: procps 
I: Resolving dependencies of required packages...
I: Resolving dependencies of base packages...
I: Found additional base dependencies: dh-python distro-info-data gcc-5-base gnupg gpgv iproute2 libapt-pkg5.0 libexpat1 libffi6 liblz4-1 libmnl0 libmpdec2 libpython3-stdlib libpython3.5-minimal libpython3.5-stdlib libreadline6 libsqlite3-0 libssl1.0.0 libstdc++6 libusb-0.1-4 mime-support netbase python3 python3-minimal python3.5 python3.5-minimal readline-common ubuntu-keyring 
I: Checking component main on http://de.archive.ubuntu.com/ubuntu...
I: Checking component universe on http://de.archive.ubuntu.com/ubuntu...
I: Retrieving adduser 3.113+nmu3ubuntu4
I: Validating adduser 3.113+nmu3ubuntu4
I: Retrieving apt 1.2.10ubuntu1
I: Validating apt 1.2.10ubuntu1
I: Retrieving base-files 9.4ubuntu4
I: Validating base-files 9.4ubuntu4
I: Retrieving base-passwd 3.5.39
I: Validating base-passwd 3.5.39
I: Retrieving bash 4.3-14ubuntu1
I: Validating bash 4.3-14ubuntu1
I: Retrieving bsdutils 1:2.27.1-6ubuntu3
I: Validating bsdutils 1:2.27.1-6ubuntu3
I: Retrieving coreutils 8.25-2ubuntu2
I: Validating coreutils 8.25-2ubuntu2
I: Retrieving dash 0.5.8-2.1ubuntu2
I: Validating dash 0.5.8-2.1ubuntu2
I: Retrieving debconf 1.5.58ubuntu1
I: Validating debconf 1.5.58ubuntu1
I: Retrieving debianutils 4.7
I: Validating debianutils 4.7
I: Retrieving dh-python 2.20151103ubuntu1
I: Validating dh-python 2.20151103ubuntu1
I: Retrieving diffutils 1:3.3-3
I: Validating diffutils 1:3.3-3
I: Retrieving distro-info-data 0.28
I: Validating distro-info-data 0.28
I: Retrieving dpkg 1.18.4ubuntu1
I: Validating dpkg 1.18.4ubuntu1
I: Retrieving e2fslibs 1.42.13-1ubuntu1
I: Validating e2fslibs 1.42.13-1ubuntu1
I: Retrieving e2fsprogs 1.42.13-1ubuntu1
I: Validating e2fsprogs 1.42.13-1ubuntu1
I: Retrieving findutils 4.6.0+git+20160126-2
I: Validating findutils 4.6.0+git+20160126-2
I: Retrieving gcc-5-base 5.3.1-14ubuntu2
I: Validating gcc-5-base 5.3.1-14ubuntu2
I: Retrieving gcc-6-base 6.0.1-0ubuntu1
I: Validating gcc-6-base 6.0.1-0ubuntu1
I: Retrieving gnupg 1.4.20-1ubuntu3
I: Validating gnupg 1.4.20-1ubuntu3
I: Retrieving gpgv 1.4.20-1ubuntu3
I: Validating gpgv 1.4.20-1ubuntu3
I: Retrieving grep 2.24-1
I: Validating grep 2.24-1
I: Retrieving gzip 1.6-4ubuntu1
I: Validating gzip 1.6-4ubuntu1
I: Retrieving hostname 3.16ubuntu2
I: Validating hostname 3.16ubuntu2
I: Retrieving init 1.29ubuntu1
I: Validating init 1.29ubuntu1
I: Retrieving init-system-helpers 1.29ubuntu1
I: Validating init-system-helpers 1.29ubuntu1
I: Retrieving initscripts 2.88dsf-59.3ubuntu2
I: Validating initscripts 2.88dsf-59.3ubuntu2
I: Retrieving insserv 1.14.0-5ubuntu3
I: Validating insserv 1.14.0-5ubuntu3
I: Retrieving iproute 1:4.3.0-1ubuntu3
I: Validating iproute 1:4.3.0-1ubuntu3
I: Retrieving iproute2 4.3.0-1ubuntu3
I: Validating iproute2 4.3.0-1ubuntu3
I: Retrieving libacl1 2.2.52-3
I: Validating libacl1 2.2.52-3
I: Retrieving libapparmor1 2.10.95-0ubuntu2
I: Validating libapparmor1 2.10.95-0ubuntu2
I: Retrieving libapt-pkg5.0 1.2.10ubuntu1
I: Validating libapt-pkg5.0 1.2.10ubuntu1
I: Retrieving libattr1 1:2.4.47-2
I: Validating libattr1 1:2.4.47-2
I: Retrieving libaudit-common 1:2.4.5-1ubuntu2
I: Validating libaudit-common 1:2.4.5-1ubuntu2
I: Retrieving libaudit1 1:2.4.5-1ubuntu2
I: Validating libaudit1 1:2.4.5-1ubuntu2
I: Retrieving libblkid1 2.27.1-6ubuntu3
I: Validating libblkid1 2.27.1-6ubuntu3
I: Retrieving libbz2-1.0 1.0.6-8
I: Validating libbz2-1.0 1.0.6-8
I: Retrieving libc-bin 2.23-0ubuntu3
I: Validating libc-bin 2.23-0ubuntu3
I: Retrieving libc6 2.23-0ubuntu3
I: Validating libc6 2.23-0ubuntu3
I: Retrieving libcap2 1:2.24-12
I: Validating libcap2 1:2.24-12
I: Retrieving libcap2-bin 1:2.24-12
I: Validating libcap2-bin 1:2.24-12
I: Retrieving libcomerr2 1.42.13-1ubuntu1
I: Validating libcomerr2 1.42.13-1ubuntu1
I: Retrieving libcryptsetup4 2:1.6.6-5ubuntu2
I: Validating libcryptsetup4 2:1.6.6-5ubuntu2
I: Retrieving libdb5.3 5.3.28-11
I: Validating libdb5.3 5.3.28-11
I: Retrieving libdebconfclient0 0.198ubuntu1
I: Validating libdebconfclient0 0.198ubuntu1
I: Retrieving libdevmapper1.02.1 2:1.02.110-1ubuntu10
I: Validating libdevmapper1.02.1 2:1.02.110-1ubuntu10
I: Retrieving libexpat1 2.1.0-7
I: Validating libexpat1 2.1.0-7
I: Retrieving libfdisk1 2.27.1-6ubuntu3
I: Validating libfdisk1 2.27.1-6ubuntu3
I: Retrieving libffi6 3.2.1-4
I: Validating libffi6 3.2.1-4
I: Retrieving libgcc1 1:6.0.1-0ubuntu1
I: Validating libgcc1 1:6.0.1-0ubuntu1
I: Retrieving libgcrypt20 1.6.5-2
I: Validating libgcrypt20 1.6.5-2
I: Retrieving libgpg-error0 1.21-2ubuntu1
I: Validating libgpg-error0 1.21-2ubuntu1
I: Retrieving libkmod2 22-1ubuntu4
I: Validating libkmod2 22-1ubuntu4
I: Retrieving liblz4-1 0.0~r131-2ubuntu2
I: Validating liblz4-1 0.0~r131-2ubuntu2
I: Retrieving liblzma5 5.1.1alpha+20120614-2ubuntu2
I: Validating liblzma5 5.1.1alpha+20120614-2ubuntu2
I: Retrieving libmnl0 1.0.3-5
I: Validating libmnl0 1.0.3-5
I: Retrieving libmount1 2.27.1-6ubuntu3
I: Validating libmount1 2.27.1-6ubuntu3
I: Retrieving libmpdec2 2.4.2-1
I: Validating libmpdec2 2.4.2-1
I: Retrieving libncurses5 6.0+20160213-1ubuntu1
I: Validating libncurses5 6.0+20160213-1ubuntu1
I: Retrieving libncursesw5 6.0+20160213-1ubuntu1
I: Validating libncursesw5 6.0+20160213-1ubuntu1
I: Retrieving libpam-modules 1.1.8-3.2ubuntu2
I: Validating libpam-modules 1.1.8-3.2ubuntu2
I: Retrieving libpam-modules-bin 1.1.8-3.2ubuntu2
I: Validating libpam-modules-bin 1.1.8-3.2ubuntu2
I: Retrieving libpam-runtime 1.1.8-3.2ubuntu2
I: Validating libpam-runtime 1.1.8-3.2ubuntu2
I: Retrieving libpam0g 1.1.8-3.2ubuntu2
I: Validating libpam0g 1.1.8-3.2ubuntu2
I: Retrieving libpcre3 2:8.38-3.1
I: Validating libpcre3 2:8.38-3.1
I: Retrieving libprocps4 2:3.3.10-4ubuntu2
I: Validating libprocps4 2:3.3.10-4ubuntu2
I: Retrieving libpython3-stdlib 3.5.1-3
I: Validating libpython3-stdlib 3.5.1-3
I: Retrieving libpython3.5-minimal 3.5.1-10
I: Validating libpython3.5-minimal 3.5.1-10
I: Retrieving libpython3.5-stdlib 3.5.1-10
I: Validating libpython3.5-stdlib 3.5.1-10
I: Retrieving libreadline6 6.3-8ubuntu2
I: Validating libreadline6 6.3-8ubuntu2
I: Retrieving libseccomp2 2.2.3-3ubuntu3
I: Validating libseccomp2 2.2.3-3ubuntu3
I: Retrieving libselinux1 2.4-3build2
I: Validating libselinux1 2.4-3build2
I: Retrieving libsemanage-common 2.3-1build3
I: Validating libsemanage-common 2.3-1build3
I: Retrieving libsemanage1 2.3-1build3
I: Validating libsemanage1 2.3-1build3
I: Retrieving libsepol1 2.4-2
I: Validating libsepol1 2.4-2
I: Retrieving libsmartcols1 2.27.1-6ubuntu3
I: Validating libsmartcols1 2.27.1-6ubuntu3
I: Retrieving libsqlite3-0 3.11.0-1ubuntu1
I: Validating libsqlite3-0 3.11.0-1ubuntu1
I: Retrieving libss2 1.42.13-1ubuntu1
I: Validating libss2 1.42.13-1ubuntu1
I: Retrieving libssl1.0.0 1.0.2g-1ubuntu4
I: Validating libssl1.0.0 1.0.2g-1ubuntu4
I: Retrieving libstdc++6 5.3.1-14ubuntu2
I: Validating libstdc++6 5.3.1-14ubuntu2
I: Retrieving libsystemd0 229-4ubuntu4
I: Validating libsystemd0 229-4ubuntu4
I: Retrieving libtinfo5 6.0+20160213-1ubuntu1
I: Validating libtinfo5 6.0+20160213-1ubuntu1
I: Retrieving libudev1 229-4ubuntu4
I: Validating libudev1 229-4ubuntu4
I: Retrieving libusb-0.1-4 2:0.1.12-28
I: Validating libusb-0.1-4 2:0.1.12-28
I: Retrieving libustr-1.0-1 1.0.4-5
I: Validating libustr-1.0-1 1.0.4-5
I: Retrieving libuuid1 2.27.1-6ubuntu3
I: Validating libuuid1 2.27.1-6ubuntu3
I: Retrieving locales 2.23-0ubuntu3
I: Validating locales 2.23-0ubuntu3
I: Retrieving login 1:4.2-3.1ubuntu5
I: Validating login 1:4.2-3.1ubuntu5
I: Retrieving lsb-base 9.20160110
I: Validating lsb-base 9.20160110
I: Retrieving lsb-release 9.20160110
I: Validating lsb-release 9.20160110
I: Retrieving makedev 2.3.1-93ubuntu1
I: Validating makedev 2.3.1-93ubuntu1
I: Retrieving mawk 1.3.3-17ubuntu2
I: Validating mawk 1.3.3-17ubuntu2
I: Retrieving mime-support 3.59ubuntu1
I: Validating mime-support 3.59ubuntu1
I: Retrieving mount 2.27.1-6ubuntu3
I: Validating mount 2.27.1-6ubuntu3
I: Retrieving multiarch-support 2.23-0ubuntu3
I: Validating multiarch-support 2.23-0ubuntu3
I: Retrieving ncurses-base 6.0+20160213-1ubuntu1
I: Validating ncurses-base 6.0+20160213-1ubuntu1
I: Retrieving ncurses-bin 6.0+20160213-1ubuntu1
I: Validating ncurses-bin 6.0+20160213-1ubuntu1
I: Retrieving netbase 5.3
I: Validating netbase 5.3
I: Retrieving passwd 1:4.2-3.1ubuntu5
I: Validating passwd 1:4.2-3.1ubuntu5
I: Retrieving perl-base 5.22.1-9
I: Validating perl-base 5.22.1-9
I: Retrieving procps 2:3.3.10-4ubuntu2
I: Validating procps 2:3.3.10-4ubuntu2
I: Retrieving python3 3.5.1-3
I: Validating python3 3.5.1-3
I: Retrieving python3-minimal 3.5.1-3
I: Validating python3-minimal 3.5.1-3
I: Retrieving python3.5 3.5.1-10
I: Validating python3.5 3.5.1-10
I: Retrieving python3.5-minimal 3.5.1-10
I: Validating python3.5-minimal 3.5.1-10
I: Retrieving readline-common 6.3-8ubuntu2
I: Validating readline-common 6.3-8ubuntu2
I: Retrieving sed 4.2.2-7
I: Validating sed 4.2.2-7
I: Retrieving sensible-utils 0.0.9
I: Validating sensible-utils 0.0.9
I: Retrieving systemd 229-4ubuntu4
I: Validating systemd 229-4ubuntu4
I: Retrieving systemd-sysv 229-4ubuntu4
I: Validating systemd-sysv 229-4ubuntu4
I: Retrieving sysv-rc 2.88dsf-59.3ubuntu2
I: Validating sysv-rc 2.88dsf-59.3ubuntu2
I: Retrieving sysvinit-utils 2.88dsf-59.3ubuntu2
I: Validating sysvinit-utils 2.88dsf-59.3ubuntu2
I: Retrieving tar 1.28-2.1
I: Validating tar 1.28-2.1
I: Retrieving tzdata 2016d-0ubuntu0.16.04
I: Validating tzdata 2016d-0ubuntu0.16.04
I: Retrieving ubuntu-keyring 2012.05.19
I: Validating ubuntu-keyring 2012.05.19
I: Retrieving util-linux 2.27.1-6ubuntu3
I: Validating util-linux 2.27.1-6ubuntu3
I: Retrieving zlib1g 1:1.2.8.dfsg-2ubuntu4
I: Validating zlib1g 1:1.2.8.dfsg-2ubuntu4
I: Retrieving inetutils-ping 2:1.9.4-1build1
I: Validating inetutils-ping 2:1.9.4-1build1
I: Chosen extractor for .deb packages: ar
I: Extracting adduser...
I: Extracting base-files...
I: Extracting base-passwd...
I: Extracting bash...
I: Extracting bsdutils...
I: Extracting coreutils...
I: Extracting dash...
I: Extracting debconf...
I: Extracting debianutils...
I: Extracting diffutils...
I: Extracting dpkg...
I: Extracting e2fslibs...
I: Extracting e2fsprogs...
I: Extracting findutils...
I: Extracting gcc-6-base...
I: Extracting grep...
I: Extracting gzip...
I: Extracting hostname...
I: Extracting init...
I: Extracting init-system-helpers...
I: Extracting initscripts...
I: Extracting insserv...
I: Extracting libacl1...
I: Extracting libapparmor1...
I: Extracting libattr1...
I: Extracting libaudit-common...
I: Extracting libaudit1...
I: Extracting libblkid1...
I: Extracting libbz2-1.0...
I: Extracting libc-bin...
I: Extracting libc6...
I: Extracting libcap2...
I: Extracting libcap2-bin...
I: Extracting libcomerr2...
I: Extracting libcryptsetup4...
I: Extracting libdb5.3...
I: Extracting libdebconfclient0...
I: Extracting libdevmapper1.02.1...
I: Extracting libfdisk1...
I: Extracting libgcc1...
I: Extracting libgcrypt20...
I: Extracting libgpg-error0...
I: Extracting libkmod2...
I: Extracting liblzma5...
I: Extracting libmount1...
I: Extracting libncurses5...
I: Extracting libncursesw5...
I: Extracting libpam-modules...
I: Extracting libpam-modules-bin...
I: Extracting libpam-runtime...
I: Extracting libpam0g...
I: Extracting libpcre3...
I: Extracting libprocps4...
I: Extracting libseccomp2...
I: Extracting libselinux1...
I: Extracting libsemanage-common...
I: Extracting libsemanage1...
I: Extracting libsepol1...
I: Extracting libsmartcols1...
I: Extracting libss2...
I: Extracting libsystemd0...
I: Extracting libtinfo5...
I: Extracting libudev1...
I: Extracting libustr-1.0-1...
I: Extracting libuuid1...
I: Extracting locales...
I: Extracting login...
I: Extracting lsb-base...
I: Extracting makedev...
I: Extracting mawk...
I: Extracting mount...
I: Extracting multiarch-support...
I: Extracting ncurses-base...
I: Extracting ncurses-bin...
I: Extracting passwd...
I: Extracting perl-base...
I: Extracting procps...
I: Extracting sed...
I: Extracting sensible-utils...
I: Extracting systemd...
I: Extracting systemd-sysv...
I: Extracting sysv-rc...
I: Extracting sysvinit-utils...
I: Extracting tar...
I: Extracting tzdata...
I: Extracting util-linux...
I: Extracting zlib1g...
I: Installing core packages...
I: Unpacking required packages...
I: Unpacking adduser...
I: Unpacking base-files...
I: Unpacking base-passwd...
I: Unpacking bash...
I: Unpacking bsdutils...
I: Unpacking coreutils...
I: Unpacking dash...
I: Unpacking debconf...
I: Unpacking debianutils...
I: Unpacking diffutils...
I: Unpacking dpkg...
I: Unpacking e2fslibs:amd64...
I: Unpacking e2fsprogs...
I: Unpacking findutils...
I: Unpacking gcc-6-base:amd64...
I: Unpacking grep...
I: Unpacking gzip...
I: Unpacking hostname...
I: Unpacking init...
I: Unpacking init-system-helpers...
I: Unpacking initscripts...
I: Unpacking insserv...
I: Unpacking libacl1:amd64...
I: Unpacking libapparmor1:amd64...
I: Unpacking libattr1:amd64...
I: Unpacking libaudit-common...
I: Unpacking libaudit1:amd64...
I: Unpacking libblkid1:amd64...
I: Unpacking libbz2-1.0:amd64...
I: Unpacking libc-bin...
I: Unpacking libc6:amd64...
I: Unpacking libcap2:amd64...
I: Unpacking libcap2-bin...
I: Unpacking libcomerr2:amd64...
I: Unpacking libcryptsetup4:amd64...
I: Unpacking libdb5.3:amd64...
I: Unpacking libdebconfclient0:amd64...
I: Unpacking libdevmapper1.02.1:amd64...
I: Unpacking libfdisk1:amd64...
I: Unpacking libgcc1:amd64...
I: Unpacking libgcrypt20:amd64...
I: Unpacking libgpg-error0:amd64...
I: Unpacking libkmod2:amd64...
I: Unpacking liblzma5:amd64...
I: Unpacking libmount1:amd64...
I: Unpacking libncurses5:amd64...
I: Unpacking libncursesw5:amd64...
I: Unpacking libpam-modules:amd64...
I: Unpacking libpam-modules-bin...
I: Unpacking libpam-runtime...
I: Unpacking libpam0g:amd64...
I: Unpacking libpcre3:amd64...
I: Unpacking libprocps4:amd64...
I: Unpacking libseccomp2:amd64...
I: Unpacking libselinux1:amd64...
I: Unpacking libsemanage-common...
I: Unpacking libsemanage1:amd64...
I: Unpacking libsepol1:amd64...
I: Unpacking libsmartcols1:amd64...
I: Unpacking libss2:amd64...
I: Unpacking libsystemd0:amd64...
I: Unpacking libtinfo5:amd64...
I: Unpacking libudev1:amd64...
I: Unpacking libustr-1.0-1:amd64...
I: Unpacking libuuid1:amd64...
I: Unpacking locales...
I: Unpacking login...
I: Unpacking lsb-base...
I: Unpacking makedev...
I: Unpacking mawk...
I: Unpacking mount...
I: Unpacking multiarch-support...
I: Unpacking ncurses-base...
I: Unpacking ncurses-bin...
I: Unpacking passwd...
I: Unpacking perl-base...
I: Unpacking procps...
I: Unpacking sed...
I: Unpacking sensible-utils...
I: Unpacking systemd...
I: Unpacking systemd-sysv...
I: Unpacking sysv-rc...
I: Unpacking sysvinit-utils...
I: Unpacking tar...
I: Unpacking tzdata...
I: Unpacking util-linux...
I: Unpacking zlib1g:amd64...
I: Configuring required packages...
I: Configuring gcc-6-base:amd64...
I: Configuring lsb-base...
I: Configuring sensible-utils...
I: Configuring ncurses-base...
I: Configuring libsemanage-common...
I: Configuring libaudit-common...
I: Configuring libc6:amd64...
I: Configuring libbz2-1.0:amd64...
I: Configuring libkmod2:amd64...
I: Configuring libgpg-error0:amd64...
I: Configuring libc-bin...
I: Configuring libseccomp2:amd64...
I: Configuring libapparmor1:amd64...
I: Configuring libdebconfclient0:amd64...
I: Configuring diffutils...
I: Configuring insserv...
I: Configuring libcomerr2:amd64...
I: Configuring libsepol1:amd64...
I: Configuring libgcc1:amd64...
I: Configuring libustr-1.0-1:amd64...
I: Configuring libsmartcols1:amd64...
I: Configuring libaudit1:amd64...
I: Configuring libtinfo5:amd64...
I: Configuring libudev1:amd64...
I: Configuring libss2:amd64...
I: Configuring base-passwd...
I: Configuring e2fslibs:amd64...
I: Configuring debianutils...
I: Configuring libgcrypt20:amd64...
I: Configuring libncursesw5:amd64...
I: Configuring libdb5.3:amd64...
I: Configuring zlib1g:amd64...
I: Configuring hostname...
I: Configuring multiarch-support...
I: Configuring mawk...
I: Configuring libcap2:amd64...
I: Configuring libpcre3:amd64...
I: Configuring base-files...
I: Configuring libselinux1:amd64...
I: Configuring findutils...
I: Configuring ncurses-bin...
I: Configuring libncurses5:amd64...
I: Configuring makedev...
I: Configuring libattr1:amd64...
I: Configuring liblzma5:amd64...
I: Configuring libcap2-bin...
I: Configuring libsystemd0:amd64...
I: Configuring libdevmapper1.02.1:amd64...
I: Configuring libsemanage1:amd64...
I: Configuring libacl1:amd64...
I: Configuring libprocps4:amd64...
I: Configuring bsdutils...
I: Configuring coreutils...
I: Configuring tar...
I: Configuring dpkg...
I: Configuring sed...
I: Configuring perl-base...
I: Configuring grep...
I: Configuring debconf...
I: Configuring tzdata...
I: Configuring gzip...
I: Configuring dash...
I: Configuring init-system-helpers...
I: Configuring sysvinit-utils...
I: Configuring sysv-rc...
I: Configuring libpam0g:amd64...
I: Configuring locales...
I: Configuring libpam-modules-bin...
I: Configuring bash...
I: Configuring libpam-modules:amd64...
I: Configuring libpam-runtime...
I: Configuring passwd...
I: Configuring login...
I: Configuring adduser...
I: Configuring libuuid1:amd64...
I: Configuring libblkid1:amd64...
I: Configuring libmount1:amd64...
I: Configuring libcryptsetup4:amd64...
I: Configuring mount...
I: Configuring libfdisk1:amd64...
I: Configuring initscripts...
I: Configuring util-linux...
I: Configuring e2fsprogs...
I: Configuring procps...
I: Configuring systemd...
I: Configuring systemd-sysv...
I: Configuring init...
I: Configuring libc-bin...
I: Unpacking the base system...
I: Unpacking apt...
I: Unpacking dh-python...
I: Unpacking distro-info-data...
I: Unpacking gcc-5-base:amd64...
I: Unpacking gnupg...
I: Unpacking gpgv...
I: Unpacking iproute...
I: Unpacking iproute2...
I: Unpacking libapt-pkg5.0:amd64...
I: Unpacking libffi6:amd64...
I: Unpacking liblz4-1:amd64...
I: Unpacking libmnl0:amd64...
I: Unpacking libmpdec2:amd64...
I: Unpacking libpython3-stdlib:amd64...
I: Unpacking libpython3.5-stdlib:amd64...
I: Unpacking libreadline6:amd64...
I: Unpacking libsqlite3-0:amd64...
I: Unpacking libstdc++6:amd64...
I: Unpacking libusb-0.1-4:amd64...
I: Unpacking lsb-release...
I: Unpacking mime-support...
I: Unpacking netbase...
I: Unpacking python3...
I: Unpacking python3.5...
I: Unpacking readline-common...
I: Unpacking ubuntu-keyring...
I: Unpacking inetutils-ping...
I: Configuring the base system...
I: Configuring readline-common...
I: Configuring liblz4-1:amd64...
I: Configuring mime-support...
I: Configuring gpgv...
I: Configuring distro-info-data...
I: Configuring libsqlite3-0:amd64...
I: Configuring libffi6:amd64...
I: Configuring libmnl0:amd64...
I: Configuring libusb-0.1-4:amd64...
I: Configuring libmpdec2:amd64...
I: Configuring ubuntu-keyring...
I: Configuring libreadline6:amd64...
I: Configuring gcc-5-base:amd64...
I: Configuring netbase...
I: Configuring inetutils-ping...
I: Configuring libpython3.5-stdlib:amd64...
I: Configuring gnupg...
I: Configuring iproute2...
I: Configuring libstdc++6:amd64...
I: Configuring python3.5...
I: Configuring libpython3-stdlib:amd64...
I: Configuring libapt-pkg5.0:amd64...
I: Configuring iproute...
I: Configuring apt...
I: Configuring python3...
I: Configuring lsb-release...
I: Configuring dh-python...
I: Configuring libc-bin...
I: Base system installed successfully.
+ echo exit 101 > '/home/mma/project/docker-shared/dockerfiles/ubuntu/xenial/rootfs/usr/sbin/policy-rc.d'
+ rootfs_chroot dpkg-divert --local --rename --add /sbin/initctl
+ PATH=/usr/local/sbin:/usr/local/bin:/usr/sbin:/usr/bin:/sbin:/bin
+ /usr/bin/chroot /home/mma/project/docker-shared/dockerfiles/ubuntu/xenial/rootfs dpkg-divert --local --rename --add /sbin/initctl
Adding 'local diversion of /sbin/initctl to /sbin/initctl.distrib'
+ cp -a /home/mma/project/docker-shared/dockerfiles/ubuntu/xenial/rootfs/usr/sbin/policy-rc.d /home/mma/project/docker-shared/dockerfiles/ubuntu/xenial/rootfs/sbin/initctl
+ sed -i 's/^exit.*/exit 0/' /home/mma/project/docker-shared/dockerfiles/ubuntu/xenial/rootfs/sbin/initctl
+ rootfs_chroot apt-get clean
+ PATH=/usr/local/sbin:/usr/local/bin:/usr/sbin:/usr/bin:/sbin:/bin
+ /usr/bin/chroot /home/mma/project/docker-shared/dockerfiles/ubuntu/xenial/rootfs apt-get clean
+ echo force-unsafe-io > '/home/mma/project/docker-shared/dockerfiles/ubuntu/xenial/rootfs/etc/dpkg/dpkg.cfg.d/docker-apt-speedup'
+ cat > '/home/mma/project/docker-shared/dockerfiles/ubuntu/xenial/rootfs/etc/apt/apt.conf.d/docker-clean'
+ echo Acquire::Languages 'none' > '/home/mma/project/docker-shared/dockerfiles/ubuntu/xenial/rootfs/etc/apt/apt.conf.d/docker-no-languages'
+ echo Acquire::GzipIndexes 'true' > '/home/mma/project/docker-shared/dockerfiles/ubuntu/xenial/rootfs/etc/apt/apt.conf.d/docker-gzip-indexes'
+ echo Apt::AutoRemove::SuggestsImportant 'false' > '/home/mma/project/docker-shared/dockerfiles/ubuntu/xenial/rootfs/etc/apt/apt.conf.d/docker-autoremove-suggests'
+ sed -i '
					p;
					s/ xenial / xenial-updates /; p;
					s/ xenial-updates / xenial-security /
				' /home/mma/project/docker-shared/dockerfiles/ubuntu/xenial/rootfs/etc/apt/sources.list
+ rootfs_chroot sh -xc 'apt-get update && apt-get dist-upgrade -y'
+ PATH=/usr/local/sbin:/usr/local/bin:/usr/sbin:/usr/bin:/sbin:/bin
+ /usr/bin/chroot /home/mma/project/docker-shared/dockerfiles/ubuntu/xenial/rootfs sh -xc 'apt-get update && apt-get dist-upgrade -y'
+ apt-get update
Hit:1 http://de.archive.ubuntu.com/ubuntu xenial InRelease
Get:2 http://de.archive.ubuntu.com/ubuntu xenial-updates InRelease [102 kB]
Get:3 http://de.archive.ubuntu.com/ubuntu xenial-security InRelease [102 kB]
Get:4 http://de.archive.ubuntu.com/ubuntu xenial-updates/main amd64 Packages [685 kB]
Get:5 http://de.archive.ubuntu.com/ubuntu xenial-updates/universe amd64 Packages [590 kB]
Get:6 http://de.archive.ubuntu.com/ubuntu xenial-security/main amd64 Packages [329 kB]
Get:7 http://de.archive.ubuntu.com/ubuntu xenial-security/universe amd64 Packages [139 kB]
Fetched 1946 kB in 1s (1843 kB/s)
Reading package lists...
+ apt-get dist-upgrade -y
Reading package lists...
Building dependency tree...
Calculating upgrade...
The following packages will be upgraded:
  apt base-files bash bsdutils dh-python distro-info-data dpkg gcc-5-base
  gnupg gpgv grep init init-system-helpers libapparmor1 libapt-pkg5.0
  libblkid1 libc-bin libc6 libexpat1 libfdisk1 libgcrypt20 libmount1
  libprocps4 libpython3.5-minimal libpython3.5-stdlib libsmartcols1
  libssl1.0.0 libstdc++6 libsystemd0 libudev1 libuuid1 locales login lsb-base
  lsb-release makedev mount multiarch-support passwd procps python3.5
  python3.5-minimal systemd systemd-sysv tar tzdata util-linux zlib1g
48 upgraded, 0 newly installed, 0 to remove and 0 not upgraded.
Need to get 25.5 MB of archives.
After this operation, 190 kB of additional disk space will be used.
Get:1 http://de.archive.ubuntu.com/ubuntu xenial-updates/main amd64 base-files amd64 9.4ubuntu4.4 [60.2 kB]
Get:2 http://de.archive.ubuntu.com/ubuntu xenial-updates/main amd64 bash amd64 4.3-14ubuntu1.1 [583 kB]
Get:3 http://de.archive.ubuntu.com/ubuntu xenial-updates/main amd64 bsdutils amd64 1:2.27.1-6ubuntu3.2 [51.8 kB]
Get:4 http://de.archive.ubuntu.com/ubuntu xenial-updates/main amd64 dpkg amd64 1.18.4ubuntu1.2 [2085 kB]
Get:5 http://de.archive.ubuntu.com/ubuntu xenial-updates/main amd64 grep amd64 2.25-1~16.04.1 [153 kB]
Get:6 http://de.archive.ubuntu.com/ubuntu xenial-updates/main amd64 init-system-helpers all 1.29ubuntu4 [32.3 kB]
Get:7 http://de.archive.ubuntu.com/ubuntu xenial-updates/main amd64 init amd64 1.29ubuntu4 [4624 B]
Get:8 http://de.archive.ubuntu.com/ubuntu xenial-updates/main amd64 login amd64 1:4.2-3.1ubuntu5.3 [304 kB]
Get:9 http://de.archive.ubuntu.com/ubuntu xenial-updates/main amd64 libsystemd0 amd64 229-4ubuntu17 [205 kB]
Get:10 http://de.archive.ubuntu.com/ubuntu xenial-updates/main amd64 systemd amd64 229-4ubuntu17 [3623 kB]
Get:11 http://de.archive.ubuntu.com/ubuntu xenial-updates/main amd64 libc6 amd64 2.23-0ubuntu7 [2590 kB]
Get:12 http://de.archive.ubuntu.com/ubuntu xenial-updates/main amd64 libapparmor1 amd64 2.10.95-0ubuntu2.6 [31.7 kB]
Get:13 http://de.archive.ubuntu.com/ubuntu xenial-updates/main amd64 passwd amd64 1:4.2-3.1ubuntu5.3 [779 kB]
Get:14 http://de.archive.ubuntu.com/ubuntu xenial-updates/main amd64 libuuid1 amd64 2.27.1-6ubuntu3.2 [15.7 kB]
Get:15 http://de.archive.ubuntu.com/ubuntu xenial-updates/main amd64 libblkid1 amd64 2.27.1-6ubuntu3.2 [107 kB]
Get:16 http://de.archive.ubuntu.com/ubuntu xenial-updates/main amd64 libmount1 amd64 2.27.1-6ubuntu3.2 [114 kB]
Get:17 http://de.archive.ubuntu.com/ubuntu xenial-updates/main amd64 lsb-base all 9.20160110ubuntu0.2 [13.7 kB]
Get:18 http://de.archive.ubuntu.com/ubuntu xenial-updates/main amd64 util-linux amd64 2.27.1-6ubuntu3.2 [848 kB]
Get:19 http://de.archive.ubuntu.com/ubuntu xenial-updates/main amd64 mount amd64 2.27.1-6ubuntu3.2 [121 kB]
Get:20 http://de.archive.ubuntu.com/ubuntu xenial-updates/main amd64 tar amd64 1.28-2.1ubuntu0.1 [209 kB]
Get:21 http://de.archive.ubuntu.com/ubuntu xenial-updates/main amd64 locales all 2.23-0ubuntu7 [3222 kB]
Get:22 http://de.archive.ubuntu.com/ubuntu xenial-updates/main amd64 libc-bin amd64 2.23-0ubuntu7 [622 kB]
Get:23 http://de.archive.ubuntu.com/ubuntu xenial-updates/main amd64 gcc-5-base amd64 5.4.0-6ubuntu1~16.04.4 [16.8 kB]
Get:24 http://de.archive.ubuntu.com/ubuntu xenial-updates/main amd64 libstdc++6 amd64 5.4.0-6ubuntu1~16.04.4 [393 kB]
Get:25 http://de.archive.ubuntu.com/ubuntu xenial-updates/main amd64 zlib1g amd64 1:1.2.8.dfsg-2ubuntu4.1 [51.2 kB]
Get:26 http://de.archive.ubuntu.com/ubuntu xenial-updates/main amd64 libapt-pkg5.0 amd64 1.2.20 [707 kB]
Get:27 http://de.archive.ubuntu.com/ubuntu xenial-updates/main amd64 gpgv amd64 1.4.20-1ubuntu3.1 [165 kB]
Get:28 http://de.archive.ubuntu.com/ubuntu xenial-updates/main amd64 gnupg amd64 1.4.20-1ubuntu3.1 [626 kB]
Get:29 http://de.archive.ubuntu.com/ubuntu xenial-updates/main amd64 apt amd64 1.2.20 [1042 kB]
Get:30 http://de.archive.ubuntu.com/ubuntu xenial-updates/main amd64 systemd-sysv amd64 229-4ubuntu17 [12.8 kB]
Get:31 http://de.archive.ubuntu.com/ubuntu xenial-updates/main amd64 libssl1.0.0 amd64 1.0.2g-1ubuntu4.6 [1082 kB]
Get:32 http://de.archive.ubuntu.com/ubuntu xenial-updates/main amd64 python3.5 amd64 3.5.2-2ubuntu0~16.04.1 [165 kB]
Get:33 http://de.archive.ubuntu.com/ubuntu xenial-updates/main amd64 libpython3.5-stdlib amd64 3.5.2-2ubuntu0~16.04.1 [2130 kB]
Get:34 http://de.archive.ubuntu.com/ubuntu xenial-updates/main amd64 python3.5-minimal amd64 3.5.2-2ubuntu0~16.04.1 [1597 kB]
Get:35 http://de.archive.ubuntu.com/ubuntu xenial-updates/main amd64 libpython3.5-minimal amd64 3.5.2-2ubuntu0~16.04.1 [526 kB]
Get:36 http://de.archive.ubuntu.com/ubuntu xenial-updates/main amd64 libexpat1 amd64 2.1.0-7ubuntu0.16.04.2 [71.3 kB]
Get:37 http://de.archive.ubuntu.com/ubuntu xenial-updates/main amd64 libfdisk1 amd64 2.27.1-6ubuntu3.2 [138 kB]
Get:38 http://de.archive.ubuntu.com/ubuntu xenial-updates/main amd64 libgcrypt20 amd64 1.6.5-2ubuntu0.2 [336 kB]
Get:39 http://de.archive.ubuntu.com/ubuntu xenial-updates/main amd64 libsmartcols1 amd64 2.27.1-6ubuntu3.2 [63.4 kB]
Get:40 http://de.archive.ubuntu.com/ubuntu xenial-updates/main amd64 libudev1 amd64 229-4ubuntu17 [55.3 kB]
Get:41 http://de.archive.ubuntu.com/ubuntu xenial-updates/main amd64 multiarch-support amd64 2.23-0ubuntu7 [6826 B]
Get:42 http://de.archive.ubuntu.com/ubuntu xenial-updates/main amd64 libprocps4 amd64 2:3.3.10-4ubuntu2.3 [32.8 kB]
Get:43 http://de.archive.ubuntu.com/ubuntu xenial-updates/main amd64 makedev all 2.3.1-93ubuntu2~ubuntu16.04.1 [24.4 kB]
Get:44 http://de.archive.ubuntu.com/ubuntu xenial-updates/main amd64 procps amd64 2:3.3.10-4ubuntu2.3 [222 kB]
Get:45 http://de.archive.ubuntu.com/ubuntu xenial-updates/main amd64 tzdata all 2016j-0ubuntu0.16.04 [168 kB]
Get:46 http://de.archive.ubuntu.com/ubuntu xenial-updates/main amd64 dh-python all 2.20151103ubuntu1.1 [74.1 kB]
Get:47 http://de.archive.ubuntu.com/ubuntu xenial-updates/main amd64 distro-info-data all 0.28ubuntu0.3 [4048 B]
Get:48 http://de.archive.ubuntu.com/ubuntu xenial-updates/main amd64 lsb-release all 9.20160110ubuntu0.2 [11.8 kB]
perl: warning: Setting locale failed.
perl: warning: Please check that your locale settings:
	LANGUAGE = (unset),
	LC_ALL = (unset),
	LC_TIME = "nl_NL.UTF-8",
	LC_MONETARY = "nl_NL.UTF-8",
	LC_ADDRESS = "nl_NL.UTF-8",
	LC_TELEPHONE = "nl_NL.UTF-8",
	LC_NAME = "nl_NL.UTF-8",
	LC_MEASUREMENT = "nl_NL.UTF-8",
	LC_IDENTIFICATION = "nl_NL.UTF-8",
	LC_NUMERIC = "nl_NL.UTF-8",
	LC_PAPER = "nl_NL.UTF-8",
	LANG = "en_US.UTF-8"
    are supported and installed on your system.
perl: warning: Falling back to the standard locale ("C").
debconf: delaying package configuration, since apt-utils is not installed
Fetched 25.5 MB in 11s (2241 kB/s)
E: Can not write log (Is /dev/pts mounted?) - posix_openpt (19: No such device)
(Reading database ... 8405 files and directories currently installed.)
Preparing to unpack .../base-files_9.4ubuntu4.4_amd64.deb ...
Unpacking base-files (9.4ubuntu4.4) over (9.4ubuntu4) ...
Setting up base-files (9.4ubuntu4.4) ...
Installing new version of config file /etc/issue ...
Installing new version of config file /etc/issue.net ...
Installing new version of config file /etc/lsb-release ...
Installing new version of config file /etc/update-motd.d/10-help-text ...
(Reading database ... 8405 files and directories currently installed.)
Preparing to unpack .../bash_4.3-14ubuntu1.1_amd64.deb ...
Unpacking bash (4.3-14ubuntu1.1) over (4.3-14ubuntu1) ...
Setting up bash (4.3-14ubuntu1.1) ...
Installing new version of config file /etc/skel/.profile ...
update-alternatives: using /usr/share/man/man7/bash-builtins.7.gz to provide /usr/share/man/man7/builtins.7.gz (builtins.7.gz) in auto mode
(Reading database ... 8405 files and directories currently installed.)
Preparing to unpack .../bsdutils_1%3a2.27.1-6ubuntu3.2_amd64.deb ...
Unpacking bsdutils (1:2.27.1-6ubuntu3.2) over (1:2.27.1-6ubuntu3) ...
Setting up bsdutils (1:2.27.1-6ubuntu3.2) ...
(Reading database ... 8405 files and directories currently installed.)
Preparing to unpack .../dpkg_1.18.4ubuntu1.2_amd64.deb ...
Unpacking dpkg (1.18.4ubuntu1.2) over (1.18.4ubuntu1) ...
Setting up dpkg (1.18.4ubuntu1.2) ...
(Reading database ... 8405 files and directories currently installed.)
Preparing to unpack .../grep_2.25-1~16.04.1_amd64.deb ...
Unpacking grep (2.25-1~16.04.1) over (2.24-1) ...
Setting up grep (2.25-1~16.04.1) ...
(Reading database ... 8405 files and directories currently installed.)
Preparing to unpack .../init-system-helpers_1.29ubuntu4_all.deb ...
Unpacking init-system-helpers (1.29ubuntu4) over (1.29ubuntu1) ...
Setting up init-system-helpers (1.29ubuntu4) ...
(Reading database ... 8405 files and directories currently installed.)
Preparing to unpack .../init_1.29ubuntu4_amd64.deb ...
Unpacking init (1.29ubuntu4) over (1.29ubuntu1) ...
Setting up init (1.29ubuntu4) ...
(Reading database ... 8405 files and directories currently installed.)
Preparing to unpack .../login_1%3a4.2-3.1ubuntu5.3_amd64.deb ...
Unpacking login (1:4.2-3.1ubuntu5.3) over (1:4.2-3.1ubuntu5) ...
Setting up login (1:4.2-3.1ubuntu5.3) ...
(Reading database ... 8405 files and directories currently installed.)
Preparing to unpack .../libsystemd0_229-4ubuntu17_amd64.deb ...
Unpacking libsystemd0:amd64 (229-4ubuntu17) over (229-4ubuntu4) ...
Processing triggers for libc-bin (2.23-0ubuntu3) ...
Setting up libsystemd0:amd64 (229-4ubuntu17) ...
Processing triggers for libc-bin (2.23-0ubuntu3) ...
(Reading database ... 8405 files and directories currently installed.)
Preparing to unpack .../systemd_229-4ubuntu17_amd64.deb ...
Unpacking systemd (229-4ubuntu17) over (229-4ubuntu4) ...
Setting up systemd (229-4ubuntu17) ...
Installing new version of config file /etc/systemd/system.conf ...
addgroup: The group `systemd-journal' already exists as a system group. Exiting.
(Reading database ... 8396 files and directories currently installed.)
Preparing to unpack .../libc6_2.23-0ubuntu7_amd64.deb ...
debconf: unable to initialize frontend: Dialog
debconf: (No usable dialog-like program is installed, so the dialog based frontend cannot be used. at /usr/share/perl5/Debconf/FrontEnd/Dialog.pm line 76.)
debconf: falling back to frontend: Readline
debconf: unable to initialize frontend: Readline
debconf: (Can't locate Term/ReadLine.pm in @INC (you may need to install the Term::ReadLine module) (@INC contains: /etc/perl /usr/local/lib/x86_64-linux-gnu/perl/5.22.1 /usr/local/share/perl/5.22.1 /usr/lib/x86_64-linux-gnu/perl5/5.22 /usr/share/perl5 /usr/lib/x86_64-linux-gnu/perl/5.22 /usr/share/perl/5.22 /usr/local/lib/site_perl /usr/lib/x86_64-linux-gnu/perl-base .) at /usr/share/perl5/Debconf/FrontEnd/Readline.pm line 7.)
debconf: falling back to frontend: Teletype
Unpacking libc6:amd64 (2.23-0ubuntu7) over (2.23-0ubuntu3) ...
Setting up libc6:amd64 (2.23-0ubuntu7) ...
debconf: unable to initialize frontend: Dialog
debconf: (No usable dialog-like program is installed, so the dialog based frontend cannot be used. at /usr/share/perl5/Debconf/FrontEnd/Dialog.pm line 76.)
debconf: falling back to frontend: Readline
debconf: unable to initialize frontend: Readline
debconf: (Can't locate Term/ReadLine.pm in @INC (you may need to install the Term::ReadLine module) (@INC contains: /etc/perl /usr/local/lib/x86_64-linux-gnu/perl/5.22.1 /usr/local/share/perl/5.22.1 /usr/lib/x86_64-linux-gnu/perl5/5.22 /usr/share/perl5 /usr/lib/x86_64-linux-gnu/perl/5.22 /usr/share/perl/5.22 /usr/local/lib/site_perl /usr/lib/x86_64-linux-gnu/perl-base .) at /usr/share/perl5/Debconf/FrontEnd/Readline.pm line 7.)
debconf: falling back to frontend: Teletype
Processing triggers for libc-bin (2.23-0ubuntu3) ...
(Reading database ... 8396 files and directories currently installed.)
Preparing to unpack .../libapparmor1_2.10.95-0ubuntu2.6_amd64.deb ...
Unpacking libapparmor1:amd64 (2.10.95-0ubuntu2.6) over (2.10.95-0ubuntu2) ...
Processing triggers for libc-bin (2.23-0ubuntu3) ...
Setting up libapparmor1:amd64 (2.10.95-0ubuntu2.6) ...
Processing triggers for libc-bin (2.23-0ubuntu3) ...
(Reading database ... 8396 files and directories currently installed.)
Preparing to unpack .../passwd_1%3a4.2-3.1ubuntu5.3_amd64.deb ...
Unpacking passwd (1:4.2-3.1ubuntu5.3) over (1:4.2-3.1ubuntu5) ...
Setting up passwd (1:4.2-3.1ubuntu5.3) ...
(Reading database ... 8396 files and directories currently installed.)
Preparing to unpack .../libuuid1_2.27.1-6ubuntu3.2_amd64.deb ...
Unpacking libuuid1:amd64 (2.27.1-6ubuntu3.2) over (2.27.1-6ubuntu3) ...
Processing triggers for libc-bin (2.23-0ubuntu3) ...
Setting up libuuid1:amd64 (2.27.1-6ubuntu3.2) ...
Processing triggers for libc-bin (2.23-0ubuntu3) ...
(Reading database ... 8396 files and directories currently installed.)
Preparing to unpack .../libblkid1_2.27.1-6ubuntu3.2_amd64.deb ...
Unpacking libblkid1:amd64 (2.27.1-6ubuntu3.2) over (2.27.1-6ubuntu3) ...
Processing triggers for libc-bin (2.23-0ubuntu3) ...
Setting up libblkid1:amd64 (2.27.1-6ubuntu3.2) ...
Processing triggers for libc-bin (2.23-0ubuntu3) ...
(Reading database ... 8396 files and directories currently installed.)
Preparing to unpack .../libmount1_2.27.1-6ubuntu3.2_amd64.deb ...
Unpacking libmount1:amd64 (2.27.1-6ubuntu3.2) over (2.27.1-6ubuntu3) ...
Processing triggers for libc-bin (2.23-0ubuntu3) ...
Setting up libmount1:amd64 (2.27.1-6ubuntu3.2) ...
Processing triggers for libc-bin (2.23-0ubuntu3) ...
(Reading database ... 8396 files and directories currently installed.)
Preparing to unpack .../lsb-base_9.20160110ubuntu0.2_all.deb ...
Unpacking lsb-base (9.20160110ubuntu0.2) over (9.20160110) ...
Setting up lsb-base (9.20160110ubuntu0.2) ...
(Reading database ... 8396 files and directories currently installed.)
Preparing to unpack .../util-linux_2.27.1-6ubuntu3.2_amd64.deb ...
Unpacking util-linux (2.27.1-6ubuntu3.2) over (2.27.1-6ubuntu3) ...
Processing triggers for mime-support (3.59ubuntu1) ...
Setting up util-linux (2.27.1-6ubuntu3.2) ...
Processing triggers for systemd (229-4ubuntu17) ...
(Reading database ... 8396 files and directories currently installed.)
Preparing to unpack .../mount_2.27.1-6ubuntu3.2_amd64.deb ...
Unpacking mount (2.27.1-6ubuntu3.2) over (2.27.1-6ubuntu3) ...
Setting up mount (2.27.1-6ubuntu3.2) ...
(Reading database ... 8396 files and directories currently installed.)
Preparing to unpack .../tar_1.28-2.1ubuntu0.1_amd64.deb ...
Unpacking tar (1.28-2.1ubuntu0.1) over (1.28-2.1) ...
Processing triggers for mime-support (3.59ubuntu1) ...
Setting up tar (1.28-2.1ubuntu0.1) ...
(Reading database ... 8396 files and directories currently installed.)
Preparing to unpack .../locales_2.23-0ubuntu7_all.deb ...
Unpacking locales (2.23-0ubuntu7) over (2.23-0ubuntu3) ...
Preparing to unpack .../libc-bin_2.23-0ubuntu7_amd64.deb ...
Unpacking libc-bin (2.23-0ubuntu7) over (2.23-0ubuntu3) ...
Setting up libc-bin (2.23-0ubuntu7) ...
(Reading database ... 8396 files and directories currently installed.)
Preparing to unpack .../gcc-5-base_5.4.0-6ubuntu1~16.04.4_amd64.deb ...
Unpacking gcc-5-base:amd64 (5.4.0-6ubuntu1~16.04.4) over (5.3.1-14ubuntu2) ...
Setting up gcc-5-base:amd64 (5.4.0-6ubuntu1~16.04.4) ...
(Reading database ... 8396 files and directories currently installed.)
Preparing to unpack .../libstdc++6_5.4.0-6ubuntu1~16.04.4_amd64.deb ...
Unpacking libstdc++6:amd64 (5.4.0-6ubuntu1~16.04.4) over (5.3.1-14ubuntu2) ...
Processing triggers for libc-bin (2.23-0ubuntu7) ...
Setting up libstdc++6:amd64 (5.4.0-6ubuntu1~16.04.4) ...
Processing triggers for libc-bin (2.23-0ubuntu7) ...
(Reading database ... 8396 files and directories currently installed.)
Preparing to unpack .../zlib1g_1%3a1.2.8.dfsg-2ubuntu4.1_amd64.deb ...
Unpacking zlib1g:amd64 (1:1.2.8.dfsg-2ubuntu4.1) over (1:1.2.8.dfsg-2ubuntu4) ...
Processing triggers for libc-bin (2.23-0ubuntu7) ...
Setting up zlib1g:amd64 (1:1.2.8.dfsg-2ubuntu4.1) ...
Processing triggers for libc-bin (2.23-0ubuntu7) ...
(Reading database ... 8396 files and directories currently installed.)
Preparing to unpack .../libapt-pkg5.0_1.2.20_amd64.deb ...
Unpacking libapt-pkg5.0:amd64 (1.2.20) over (1.2.10ubuntu1) ...
Processing triggers for libc-bin (2.23-0ubuntu7) ...
Setting up libapt-pkg5.0:amd64 (1.2.20) ...
Processing triggers for libc-bin (2.23-0ubuntu7) ...
(Reading database ... 8396 files and directories currently installed.)
Preparing to unpack .../gpgv_1.4.20-1ubuntu3.1_amd64.deb ...
Unpacking gpgv (1.4.20-1ubuntu3.1) over (1.4.20-1ubuntu3) ...
Setting up gpgv (1.4.20-1ubuntu3.1) ...
(Reading database ... 8396 files and directories currently installed.)
Preparing to unpack .../gnupg_1.4.20-1ubuntu3.1_amd64.deb ...
Unpacking gnupg (1.4.20-1ubuntu3.1) over (1.4.20-1ubuntu3) ...
Setting up gnupg (1.4.20-1ubuntu3.1) ...
(Reading database ... 8396 files and directories currently installed.)
Preparing to unpack .../archives/apt_1.2.20_amd64.deb ...
Unpacking apt (1.2.20) over (1.2.10ubuntu1) ...
Processing triggers for libc-bin (2.23-0ubuntu7) ...
Setting up apt (1.2.20) ...
Installing new version of config file /etc/cron.daily/apt-compat ...
Installing new version of config file /etc/kernel/postinst.d/apt-auto-removal ...
Processing triggers for libc-bin (2.23-0ubuntu7) ...
(Reading database ... 8396 files and directories currently installed.)
Preparing to unpack .../systemd-sysv_229-4ubuntu17_amd64.deb ...
Unpacking systemd-sysv (229-4ubuntu17) over (229-4ubuntu4) ...
Setting up systemd-sysv (229-4ubuntu17) ...
(Reading database ... 8396 files and directories currently installed.)
Preparing to unpack .../libssl1.0.0_1.0.2g-1ubuntu4.6_amd64.deb ...
Unpacking libssl1.0.0:amd64 (1.0.2g-1ubuntu4.6) over (1.0.2g-1ubuntu4) ...
Preparing to unpack .../python3.5_3.5.2-2ubuntu0~16.04.1_amd64.deb ...
Unpacking python3.5 (3.5.2-2ubuntu0~16.04.1) over (3.5.1-10) ...
Preparing to unpack .../libpython3.5-stdlib_3.5.2-2ubuntu0~16.04.1_amd64.deb ...
Unpacking libpython3.5-stdlib:amd64 (3.5.2-2ubuntu0~16.04.1) over (3.5.1-10) ...
Preparing to unpack .../python3.5-minimal_3.5.2-2ubuntu0~16.04.1_amd64.deb ...
Unpacking python3.5-minimal (3.5.2-2ubuntu0~16.04.1) over (3.5.1-10) ...
Preparing to unpack .../libpython3.5-minimal_3.5.2-2ubuntu0~16.04.1_amd64.deb ...
Unpacking libpython3.5-minimal:amd64 (3.5.2-2ubuntu0~16.04.1) over (3.5.1-10) ...
Preparing to unpack .../libexpat1_2.1.0-7ubuntu0.16.04.2_amd64.deb ...
Unpacking libexpat1:amd64 (2.1.0-7ubuntu0.16.04.2) over (2.1.0-7) ...
Preparing to unpack .../libfdisk1_2.27.1-6ubuntu3.2_amd64.deb ...
Unpacking libfdisk1:amd64 (2.27.1-6ubuntu3.2) over (2.27.1-6ubuntu3) ...
Processing triggers for libc-bin (2.23-0ubuntu7) ...
Processing triggers for mime-support (3.59ubuntu1) ...
Setting up libfdisk1:amd64 (2.27.1-6ubuntu3.2) ...
Processing triggers for libc-bin (2.23-0ubuntu7) ...
(Reading database ... 8396 files and directories currently installed.)
Preparing to unpack .../libgcrypt20_1.6.5-2ubuntu0.2_amd64.deb ...
Unpacking libgcrypt20:amd64 (1.6.5-2ubuntu0.2) over (1.6.5-2) ...
Processing triggers for libc-bin (2.23-0ubuntu7) ...
Setting up libgcrypt20:amd64 (1.6.5-2ubuntu0.2) ...
Processing triggers for libc-bin (2.23-0ubuntu7) ...
(Reading database ... 8396 files and directories currently installed.)
Preparing to unpack .../libsmartcols1_2.27.1-6ubuntu3.2_amd64.deb ...
Unpacking libsmartcols1:amd64 (2.27.1-6ubuntu3.2) over (2.27.1-6ubuntu3) ...
Processing triggers for libc-bin (2.23-0ubuntu7) ...
Setting up libsmartcols1:amd64 (2.27.1-6ubuntu3.2) ...
Processing triggers for libc-bin (2.23-0ubuntu7) ...
(Reading database ... 8396 files and directories currently installed.)
Preparing to unpack .../libudev1_229-4ubuntu17_amd64.deb ...
Unpacking libudev1:amd64 (229-4ubuntu17) over (229-4ubuntu4) ...
Processing triggers for libc-bin (2.23-0ubuntu7) ...
Setting up libudev1:amd64 (229-4ubuntu17) ...
Processing triggers for libc-bin (2.23-0ubuntu7) ...
(Reading database ... 8396 files and directories currently installed.)
Preparing to unpack .../multiarch-support_2.23-0ubuntu7_amd64.deb ...
Unpacking multiarch-support (2.23-0ubuntu7) over (2.23-0ubuntu3) ...
Setting up multiarch-support (2.23-0ubuntu7) ...
(Reading database ... 8396 files and directories currently installed.)
Preparing to unpack .../libprocps4_2%3a3.3.10-4ubuntu2.3_amd64.deb ...
Unpacking libprocps4:amd64 (2:3.3.10-4ubuntu2.3) over (2:3.3.10-4ubuntu2) ...
Preparing to unpack .../makedev_2.3.1-93ubuntu2~ubuntu16.04.1_all.deb ...
Unpacking makedev (2.3.1-93ubuntu2~ubuntu16.04.1) over (2.3.1-93ubuntu1) ...
Preparing to unpack .../procps_2%3a3.3.10-4ubuntu2.3_amd64.deb ...
invoke-rc.d: could not determine current runlevel
invoke-rc.d: policy-rc.d denied execution of stop.
Unpacking procps (2:3.3.10-4ubuntu2.3) over (2:3.3.10-4ubuntu2) ...
Preparing to unpack .../tzdata_2016j-0ubuntu0.16.04_all.deb ...
Unpacking tzdata (2016j-0ubuntu0.16.04) over (2016d-0ubuntu0.16.04) ...
Preparing to unpack .../dh-python_2.20151103ubuntu1.1_all.deb ...
Unpacking dh-python (2.20151103ubuntu1.1) over (2.20151103ubuntu1) ...
Preparing to unpack .../distro-info-data_0.28ubuntu0.3_all.deb ...
Unpacking distro-info-data (0.28ubuntu0.3) over (0.28) ...
Preparing to unpack .../lsb-release_9.20160110ubuntu0.2_all.deb ...
Unpacking lsb-release (9.20160110ubuntu0.2) over (9.20160110) ...
Processing triggers for libc-bin (2.23-0ubuntu7) ...
Processing triggers for systemd (229-4ubuntu17) ...
Setting up locales (2.23-0ubuntu7) ...
debconf: unable to initialize frontend: Dialog
debconf: (No usable dialog-like program is installed, so the dialog based frontend cannot be used. at /usr/share/perl5/Debconf/FrontEnd/Dialog.pm line 76.)
debconf: falling back to frontend: Readline
debconf: unable to initialize frontend: Readline
debconf: (Can't locate Term/ReadLine.pm in @INC (you may need to install the Term::ReadLine module) (@INC contains: /etc/perl /usr/local/lib/x86_64-linux-gnu/perl/5.22.1 /usr/local/share/perl/5.22.1 /usr/lib/x86_64-linux-gnu/perl5/5.22 /usr/share/perl5 /usr/lib/x86_64-linux-gnu/perl/5.22 /usr/share/perl/5.22 /usr/local/lib/site_perl /usr/lib/x86_64-linux-gnu/perl-base .) at /usr/share/perl5/Debconf/FrontEnd/Readline.pm line 7.)
debconf: falling back to frontend: Teletype
Generating locales (this might take a while)...
Generation complete.
Setting up libssl1.0.0:amd64 (1.0.2g-1ubuntu4.6) ...
debconf: unable to initialize frontend: Dialog
debconf: (No usable dialog-like program is installed, so the dialog based frontend cannot be used. at /usr/share/perl5/Debconf/FrontEnd/Dialog.pm line 76.)
debconf: falling back to frontend: Readline
debconf: unable to initialize frontend: Readline
debconf: (Can't locate Term/ReadLine.pm in @INC (you may need to install the Term::ReadLine module) (@INC contains: /etc/perl /usr/local/lib/x86_64-linux-gnu/perl/5.22.1 /usr/local/share/perl/5.22.1 /usr/lib/x86_64-linux-gnu/perl5/5.22 /usr/share/perl5 /usr/lib/x86_64-linux-gnu/perl/5.22 /usr/share/perl/5.22 /usr/local/lib/site_perl /usr/lib/x86_64-linux-gnu/perl-base .) at /usr/share/perl5/Debconf/FrontEnd/Readline.pm line 7.)
debconf: falling back to frontend: Teletype
Setting up libpython3.5-minimal:amd64 (3.5.2-2ubuntu0~16.04.1) ...
Setting up libexpat1:amd64 (2.1.0-7ubuntu0.16.04.2) ...
Setting up python3.5-minimal (3.5.2-2ubuntu0~16.04.1) ...
Setting up libpython3.5-stdlib:amd64 (3.5.2-2ubuntu0~16.04.1) ...
Setting up python3.5 (3.5.2-2ubuntu0~16.04.1) ...
Setting up libprocps4:amd64 (2:3.3.10-4ubuntu2.3) ...
Setting up makedev (2.3.1-93ubuntu2~ubuntu16.04.1) ...
grep: /proc/1/environ: No such file or directory
/sbin/MAKEDEV: warning: can't read /proc/devices
/sbin/MAKEDEV: warning: can't read /proc/devices
/sbin/MAKEDEV: warning: can't read /proc/devices
Setting up procps (2:3.3.10-4ubuntu2.3) ...
update-rc.d: warning: start and stop actions are no longer supported; falling back to defaults
Setting up tzdata (2016j-0ubuntu0.16.04) ...
debconf: unable to initialize frontend: Dialog
debconf: (No usable dialog-like program is installed, so the dialog based frontend cannot be used. at /usr/share/perl5/Debconf/FrontEnd/Dialog.pm line 76.)
debconf: falling back to frontend: Readline
debconf: unable to initialize frontend: Readline
debconf: (Can't locate Term/ReadLine.pm in @INC (you may need to install the Term::ReadLine module) (@INC contains: /etc/perl /usr/local/lib/x86_64-linux-gnu/perl/5.22.1 /usr/local/share/perl/5.22.1 /usr/lib/x86_64-linux-gnu/perl5/5.22 /usr/share/perl5 /usr/lib/x86_64-linux-gnu/perl/5.22 /usr/share/perl/5.22 /usr/local/lib/site_perl /usr/lib/x86_64-linux-gnu/perl-base .) at /usr/share/perl5/Debconf/FrontEnd/Readline.pm line 7.)
debconf: falling back to frontend: Teletype

Current default time zone: 'Etc/UTC'
Local time is now:      Wed May 17 09:49:47 UTC 2017.
Universal Time is now:  Wed May 17 09:49:47 UTC 2017.
Run 'dpkg-reconfigure tzdata' if you wish to change it.

Setting up dh-python (2.20151103ubuntu1.1) ...
Setting up distro-info-data (0.28ubuntu0.3) ...
Setting up lsb-release (9.20160110ubuntu0.2) ...
Processing triggers for libc-bin (2.23-0ubuntu7) ...
+ rm -rf /home/mma/project/docker-shared/dockerfiles/ubuntu/xenial/rootfs/var/lib/apt/lists/de.archive.ubuntu.com_ubuntu_dists_xenial_InRelease /home/mma/project/docker-shared/dockerfiles/ubuntu/xenial/rootfs/var/lib/apt/lists/de.archive.ubuntu.com_ubuntu_dists_xenial_main_binary-amd64_Packages /home/mma/project/docker-shared/dockerfiles/ubuntu/xenial/rootfs/var/lib/apt/lists/de.archive.ubuntu.com_ubuntu_dists_xenial-security_InRelease /home/mma/project/docker-shared/dockerfiles/ubuntu/xenial/rootfs/var/lib/apt/lists/de.archive.ubuntu.com_ubuntu_dists_xenial-security_main_binary-amd64_Packages.lz4 /home/mma/project/docker-shared/dockerfiles/ubuntu/xenial/rootfs/var/lib/apt/lists/de.archive.ubuntu.com_ubuntu_dists_xenial-security_universe_binary-amd64_Packages.lz4 /home/mma/project/docker-shared/dockerfiles/ubuntu/xenial/rootfs/var/lib/apt/lists/de.archive.ubuntu.com_ubuntu_dists_xenial_universe_binary-amd64_Packages /home/mma/project/docker-shared/dockerfiles/ubuntu/xenial/rootfs/var/lib/apt/lists/de.archive.ubuntu.com_ubuntu_dists_xenial-updates_InRelease /home/mma/project/docker-shared/dockerfiles/ubuntu/xenial/rootfs/var/lib/apt/lists/de.archive.ubuntu.com_ubuntu_dists_xenial-updates_main_binary-amd64_Packages.lz4 /home/mma/project/docker-shared/dockerfiles/ubuntu/xenial/rootfs/var/lib/apt/lists/de.archive.ubuntu.com_ubuntu_dists_xenial-updates_universe_binary-amd64_Packages.lz4 /home/mma/project/docker-shared/dockerfiles/ubuntu/xenial/rootfs/var/lib/apt/lists/lock /home/mma/project/docker-shared/dockerfiles/ubuntu/xenial/rootfs/var/lib/apt/lists/partial
+ mkdir /home/mma/project/docker-shared/dockerfiles/ubuntu/xenial/rootfs/var/lib/apt/lists/partial
+ curl -sL https://github.com/krallin/tini/releases/download/v0.14.0/tini-static -o /home/mma/project/docker-shared/dockerfiles/ubuntu/xenial/rootfs/usr/bin/tini
+ chmod +x /home/mma/project/docker-shared/dockerfiles/ubuntu/xenial/rootfs/usr/bin/tini
+ tar --numeric-owner --create --auto-compress --file /home/mma/project/docker-shared/dockerfiles/ubuntu/xenial/rootfs.tar.xz --directory /home/mma/project/docker-shared/dockerfiles/ubuntu/xenial/rootfs '--transform=s,^./,,' .
+ cat > '/home/mma/project/docker-shared/dockerfiles/ubuntu/xenial/Dockerfile'
+ echo 'CMD ["/bin/bash"]'
+ rm -rf /home/mma/project/docker-shared/dockerfiles/ubuntu/xenial/rootfs
