+ mkdir -p /data/home/martijnvanmaurik/project-prive/docker-shared/dockerfiles/ubuntu/wily/rootfs
+ debootstrap --components=main,beta,universe,backports --variant=minbase --include=inetutils-ping,iproute,lsb-release --force-check-gpg wily /data/home/martijnvanmaurik/project-prive/docker-shared/dockerfiles/ubuntu/wily/rootfs http://de.archive.ubuntu.com/ubuntu
I: Retrieving Release 
I: Retrieving Release.gpg 
I: Checking Release signature
I: Valid Release signature (key id 790BC7277767219C42C86F933B4FE6ACC0B21F32)
I: Retrieving Packages 
I: Validating Packages 
I: Retrieving Packages 
I: Validating Packages 
I: Resolving dependencies of required packages...
I: Resolving dependencies of base packages...
I: Found additional base dependencies: dh-python gnupg gpgv iproute2 libapt-pkg4.16 libdpkg-perl libexpat1 libffi6 libgdbm3 libmpdec2 libpython3.4-minimal libpython3.4-stdlib libpython3-stdlib libreadline6 libsqlite3-0 libssl1.0.0 libstdc++6 libusb-0.1-4 mime-support netbase perl perl-modules python3 python3.4 python3.4-minimal python3-minimal readline-common ubuntu-keyring 
I: Checking component main on http://de.archive.ubuntu.com/ubuntu...
I: Checking component universe on http://de.archive.ubuntu.com/ubuntu...
I: Retrieving adduser 3.113+nmu3ubuntu4
I: Validating adduser 3.113+nmu3ubuntu4
I: Retrieving apt 1.0.10.2ubuntu1
I: Validating apt 1.0.10.2ubuntu1
I: Retrieving base-files 7.2ubuntu11
I: Validating base-files 7.2ubuntu11
I: Retrieving base-passwd 3.5.38
I: Validating base-passwd 3.5.38
I: Retrieving bash 4.3-14ubuntu1
I: Validating bash 4.3-14ubuntu1
I: Retrieving bsdutils 1:2.26.2-6ubuntu3
I: Validating bsdutils 1:2.26.2-6ubuntu3
I: Retrieving coreutils 8.23-4ubuntu2
I: Validating coreutils 8.23-4ubuntu2
I: Retrieving dash 0.5.7-4ubuntu2
I: Validating dash 0.5.7-4ubuntu2
I: Retrieving debconf 1.5.57ubuntu1
I: Validating debconf 1.5.57ubuntu1
I: Retrieving debianutils 4.5.1
I: Validating debianutils 4.5.1
I: Retrieving dh-python 2.20150826ubuntu1
I: Validating dh-python 2.20150826ubuntu1
I: Retrieving diffutils 1:3.3-1
I: Validating diffutils 1:3.3-1
I: Retrieving dmsetup 2:1.02.99-1ubuntu1
I: Validating dmsetup 2:1.02.99-1ubuntu1
I: Retrieving dpkg 1.18.2ubuntu5
I: Validating dpkg 1.18.2ubuntu5
I: Retrieving e2fslibs 1.42.12-1ubuntu2
I: Validating e2fslibs 1.42.12-1ubuntu2
I: Retrieving e2fsprogs 1.42.12-1ubuntu2
I: Validating e2fsprogs 1.42.12-1ubuntu2
I: Retrieving findutils 4.4.2-9build1
I: Validating findutils 4.4.2-9build1
I: Retrieving gcc-5-base 5.2.1-22ubuntu2
I: Validating gcc-5-base 5.2.1-22ubuntu2
I: Retrieving gnupg 1.4.18-7ubuntu1
I: Validating gnupg 1.4.18-7ubuntu1
I: Retrieving gpgv 1.4.18-7ubuntu1
I: Validating gpgv 1.4.18-7ubuntu1
I: Retrieving grep 2.21-2
I: Validating grep 2.21-2
I: Retrieving gzip 1.6-4ubuntu1
I: Validating gzip 1.6-4ubuntu1
I: Retrieving hostname 3.15ubuntu2
I: Validating hostname 3.15ubuntu2
I: Retrieving init 1.23ubuntu3
I: Validating init 1.23ubuntu3
I: Retrieving initscripts 2.88dsf-59.2ubuntu2
I: Validating initscripts 2.88dsf-59.2ubuntu2
I: Retrieving insserv 1.14.0-5ubuntu3
I: Validating insserv 1.14.0-5ubuntu3
I: Retrieving iproute 1:4.1.1-1ubuntu1
I: Validating iproute 1:4.1.1-1ubuntu1
I: Retrieving iproute2 4.1.1-1ubuntu1
I: Validating iproute2 4.1.1-1ubuntu1
I: Retrieving libacl1 2.2.52-2
I: Validating libacl1 2.2.52-2
I: Retrieving libapparmor1 2.10-0ubuntu6
I: Validating libapparmor1 2.10-0ubuntu6
I: Retrieving libapt-pkg4.16 1.0.10.2ubuntu1
I: Validating libapt-pkg4.16 1.0.10.2ubuntu1
I: Retrieving libattr1 1:2.4.47-2
I: Validating libattr1 1:2.4.47-2
I: Retrieving libaudit-common 1:2.4.2-1ubuntu1
I: Validating libaudit-common 1:2.4.2-1ubuntu1
I: Retrieving libaudit1 1:2.4.2-1ubuntu1
I: Validating libaudit1 1:2.4.2-1ubuntu1
I: Retrieving libblkid1 2.26.2-6ubuntu3
I: Validating libblkid1 2.26.2-6ubuntu3
I: Retrieving libbz2-1.0 1.0.6-8
I: Validating libbz2-1.0 1.0.6-8
I: Retrieving libc-bin 2.21-0ubuntu4
I: Validating libc-bin 2.21-0ubuntu4
I: Retrieving libc6 2.21-0ubuntu4
I: Validating libc6 2.21-0ubuntu4
I: Retrieving libcap2 1:2.24-9
I: Validating libcap2 1:2.24-9
I: Retrieving libcap2-bin 1:2.24-9
I: Validating libcap2-bin 1:2.24-9
I: Retrieving libcomerr2 1.42.12-1ubuntu2
I: Validating libcomerr2 1.42.12-1ubuntu2
I: Retrieving libcryptsetup4 2:1.6.6-5ubuntu2
I: Validating libcryptsetup4 2:1.6.6-5ubuntu2
I: Retrieving libdb5.3 5.3.28-11
I: Validating libdb5.3 5.3.28-11
I: Retrieving libdebconfclient0 0.192ubuntu1
I: Validating libdebconfclient0 0.192ubuntu1
I: Retrieving libdevmapper1.02.1 2:1.02.99-1ubuntu1
I: Validating libdevmapper1.02.1 2:1.02.99-1ubuntu1
I: Retrieving libdpkg-perl 1.18.2ubuntu5
I: Validating libdpkg-perl 1.18.2ubuntu5
I: Retrieving libexpat1 2.1.0-7
I: Validating libexpat1 2.1.0-7
I: Retrieving libfdisk1 2.26.2-6ubuntu3
I: Validating libfdisk1 2.26.2-6ubuntu3
I: Retrieving libffi6 3.2.1-3
I: Validating libffi6 3.2.1-3
I: Retrieving libgcc1 1:5.2.1-22ubuntu2
I: Validating libgcc1 1:5.2.1-22ubuntu2
I: Retrieving libgcrypt20 1.6.3-2ubuntu1
I: Validating libgcrypt20 1.6.3-2ubuntu1
I: Retrieving libgdbm3 1.8.3-13.1
I: Validating libgdbm3 1.8.3-13.1
I: Retrieving libgpg-error0 1.19-2
I: Validating libgpg-error0 1.19-2
I: Retrieving libkmod2 21-1ubuntu1
I: Validating libkmod2 21-1ubuntu1
I: Retrieving liblzma5 5.1.1alpha+20120614-2ubuntu2
I: Validating liblzma5 5.1.1alpha+20120614-2ubuntu2
I: Retrieving libmount1 2.26.2-6ubuntu3
I: Validating libmount1 2.26.2-6ubuntu3
I: Retrieving libmpdec2 2.4.1-1
I: Validating libmpdec2 2.4.1-1
I: Retrieving libncurses5 5.9+20150516-2ubuntu1
I: Validating libncurses5 5.9+20150516-2ubuntu1
I: Retrieving libncursesw5 5.9+20150516-2ubuntu1
I: Validating libncursesw5 5.9+20150516-2ubuntu1
I: Retrieving libpam-modules 1.1.8-3.1ubuntu3
I: Validating libpam-modules 1.1.8-3.1ubuntu3
I: Retrieving libpam-modules-bin 1.1.8-3.1ubuntu3
I: Validating libpam-modules-bin 1.1.8-3.1ubuntu3
I: Retrieving libpam-runtime 1.1.8-3.1ubuntu3
I: Validating libpam-runtime 1.1.8-3.1ubuntu3
I: Retrieving libpam0g 1.1.8-3.1ubuntu3
I: Validating libpam0g 1.1.8-3.1ubuntu3
I: Retrieving libpcre3 2:8.35-7.1ubuntu1
I: Validating libpcre3 2:8.35-7.1ubuntu1
I: Retrieving libprocps3 1:3.3.9-1ubuntu8
I: Validating libprocps3 1:3.3.9-1ubuntu8
I: Retrieving libpython3-stdlib 3.4.3-4ubuntu1
I: Validating libpython3-stdlib 3.4.3-4ubuntu1
I: Retrieving libpython3.4-minimal 3.4.3-9ubuntu1
I: Validating libpython3.4-minimal 3.4.3-9ubuntu1
I: Retrieving libpython3.4-stdlib 3.4.3-9ubuntu1
I: Validating libpython3.4-stdlib 3.4.3-9ubuntu1
I: Retrieving libreadline6 6.3-8ubuntu1
I: Validating libreadline6 6.3-8ubuntu1
I: Retrieving libseccomp2 2.2.3-2ubuntu1
I: Validating libseccomp2 2.2.3-2ubuntu1
I: Retrieving libselinux1 2.3-2build1
I: Validating libselinux1 2.3-2build1
I: Retrieving libsemanage-common 2.3-1build2
I: Validating libsemanage-common 2.3-1build2
I: Retrieving libsemanage1 2.3-1build2
I: Validating libsemanage1 2.3-1build2
I: Retrieving libsepol1 2.3-2
I: Validating libsepol1 2.3-2
I: Retrieving libslang2 2.3.0-2ubuntu1
I: Validating libslang2 2.3.0-2ubuntu1
I: Retrieving libsmartcols1 2.26.2-6ubuntu3
I: Validating libsmartcols1 2.26.2-6ubuntu3
I: Retrieving libsqlite3-0 3.8.11.1-1
I: Validating libsqlite3-0 3.8.11.1-1
I: Retrieving libss2 1.42.12-1ubuntu2
I: Validating libss2 1.42.12-1ubuntu2
I: Retrieving libssl1.0.0 1.0.2d-0ubuntu1
I: Validating libssl1.0.0 1.0.2d-0ubuntu1
I: Retrieving libstdc++6 5.2.1-22ubuntu2
I: Validating libstdc++6 5.2.1-22ubuntu2
I: Retrieving libsystemd0 225-1ubuntu9
I: Validating libsystemd0 225-1ubuntu9
I: Retrieving libtinfo5 5.9+20150516-2ubuntu1
I: Validating libtinfo5 5.9+20150516-2ubuntu1
I: Retrieving libudev1 225-1ubuntu9
I: Validating libudev1 225-1ubuntu9
I: Retrieving libusb-0.1-4 2:0.1.12-27
I: Validating libusb-0.1-4 2:0.1.12-27
I: Retrieving libustr-1.0-1 1.0.4-5
I: Validating libustr-1.0-1 1.0.4-5
I: Retrieving libuuid1 2.26.2-6ubuntu3
I: Validating libuuid1 2.26.2-6ubuntu3
I: Retrieving locales 2.13+git20120306-21
I: Validating locales 2.13+git20120306-21
I: Retrieving login 1:4.1.5.1-1.1ubuntu7
I: Validating login 1:4.1.5.1-1.1ubuntu7
I: Retrieving lsb-base 4.1+Debian11ubuntu8
I: Validating lsb-base 4.1+Debian11ubuntu8
I: Retrieving lsb-release 4.1+Debian11ubuntu8
I: Validating lsb-release 4.1+Debian11ubuntu8
I: Retrieving makedev 2.3.1-93ubuntu1
I: Validating makedev 2.3.1-93ubuntu1
I: Retrieving mawk 1.3.3-17ubuntu2
I: Validating mawk 1.3.3-17ubuntu2
I: Retrieving mime-support 3.58ubuntu1
I: Validating mime-support 3.58ubuntu1
I: Retrieving mount 2.26.2-6ubuntu3
I: Validating mount 2.26.2-6ubuntu3
I: Retrieving multiarch-support 2.21-0ubuntu4
I: Validating multiarch-support 2.21-0ubuntu4
I: Retrieving ncurses-base 5.9+20150516-2ubuntu1
I: Validating ncurses-base 5.9+20150516-2ubuntu1
I: Retrieving ncurses-bin 5.9+20150516-2ubuntu1
I: Validating ncurses-bin 5.9+20150516-2ubuntu1
I: Retrieving netbase 5.3
I: Validating netbase 5.3
I: Retrieving passwd 1:4.1.5.1-1.1ubuntu7
I: Validating passwd 1:4.1.5.1-1.1ubuntu7
I: Retrieving perl 5.20.2-6
I: Validating perl 5.20.2-6
I: Retrieving perl-base 5.20.2-6
I: Validating perl-base 5.20.2-6
I: Retrieving perl-modules 5.20.2-6
I: Validating perl-modules 5.20.2-6
I: Retrieving procps 1:3.3.9-1ubuntu8
I: Validating procps 1:3.3.9-1ubuntu8
I: Retrieving python3 3.4.3-4ubuntu1
I: Validating python3 3.4.3-4ubuntu1
I: Retrieving python3-minimal 3.4.3-4ubuntu1
I: Validating python3-minimal 3.4.3-4ubuntu1
I: Retrieving python3.4 3.4.3-9ubuntu1
I: Validating python3.4 3.4.3-9ubuntu1
I: Retrieving python3.4-minimal 3.4.3-9ubuntu1
I: Validating python3.4-minimal 3.4.3-9ubuntu1
I: Retrieving readline-common 6.3-8ubuntu1
I: Validating readline-common 6.3-8ubuntu1
I: Retrieving sed 4.2.2-6.1
I: Validating sed 4.2.2-6.1
I: Retrieving sensible-utils 0.0.9
I: Validating sensible-utils 0.0.9
I: Retrieving systemd 225-1ubuntu9
I: Validating systemd 225-1ubuntu9
I: Retrieving systemd-sysv 225-1ubuntu9
I: Validating systemd-sysv 225-1ubuntu9
I: Retrieving sysv-rc 2.88dsf-59.2ubuntu2
I: Validating sysv-rc 2.88dsf-59.2ubuntu2
I: Retrieving sysvinit-utils 2.88dsf-59.2ubuntu2
I: Validating sysvinit-utils 2.88dsf-59.2ubuntu2
I: Retrieving tar 1.27.1-2
I: Validating tar 1.27.1-2
I: Retrieving tzdata 2015g-1
I: Validating tzdata 2015g-1
I: Retrieving ubuntu-keyring 2012.05.19
I: Validating ubuntu-keyring 2012.05.19
I: Retrieving udev 225-1ubuntu9
I: Validating udev 225-1ubuntu9
I: Retrieving util-linux 2.26.2-6ubuntu3
I: Validating util-linux 2.26.2-6ubuntu3
I: Retrieving zlib1g 1:1.2.8.dfsg-2ubuntu4
I: Validating zlib1g 1:1.2.8.dfsg-2ubuntu4
I: Retrieving inetutils-ping 2:1.9.4-1
I: Validating inetutils-ping 2:1.9.4-1
I: Chosen extractor for .deb packages: dpkg-deb
I: Extracting adduser...
I: Extracting base-files...
I: Extracting base-passwd...
I: Extracting bash...
I: Extracting bsdutils...
I: Extracting coreutils...
I: Extracting dash...
I: Extracting debconf...
I: Extracting debianutils...
I: Extracting diffutils...
I: Extracting dmsetup...
I: Extracting dpkg...
I: Extracting e2fslibs...
I: Extracting e2fsprogs...
I: Extracting findutils...
I: Extracting gcc-5-base...
I: Extracting grep...
I: Extracting gzip...
I: Extracting hostname...
I: Extracting init...
I: Extracting initscripts...
I: Extracting insserv...
I: Extracting libacl1...
I: Extracting libapparmor1...
I: Extracting libattr1...
I: Extracting libaudit-common...
I: Extracting libaudit1...
I: Extracting libblkid1...
I: Extracting libbz2-1.0...
I: Extracting libc-bin...
I: Extracting libc6...
I: Extracting libcap2...
I: Extracting libcap2-bin...
I: Extracting libcomerr2...
I: Extracting libcryptsetup4...
I: Extracting libdb5.3...
I: Extracting libdebconfclient0...
I: Extracting libdevmapper1.02.1...
I: Extracting libfdisk1...
I: Extracting libgcc1...
I: Extracting libgcrypt20...
I: Extracting libgpg-error0...
I: Extracting libkmod2...
I: Extracting liblzma5...
I: Extracting libmount1...
I: Extracting libncurses5...
I: Extracting libncursesw5...
I: Extracting libpam-modules...
I: Extracting libpam-modules-bin...
I: Extracting libpam-runtime...
I: Extracting libpam0g...
I: Extracting libpcre3...
I: Extracting libprocps3...
I: Extracting libseccomp2...
I: Extracting libselinux1...
I: Extracting libsemanage-common...
I: Extracting libsemanage1...
I: Extracting libsepol1...
I: Extracting libslang2...
I: Extracting libsmartcols1...
I: Extracting libss2...
I: Extracting libsystemd0...
I: Extracting libtinfo5...
I: Extracting libudev1...
I: Extracting libustr-1.0-1...
I: Extracting libuuid1...
I: Extracting locales...
I: Extracting login...
I: Extracting lsb-base...
I: Extracting makedev...
I: Extracting mawk...
I: Extracting mount...
I: Extracting multiarch-support...
I: Extracting ncurses-base...
I: Extracting ncurses-bin...
I: Extracting passwd...
I: Extracting perl-base...
I: Extracting procps...
I: Extracting sed...
I: Extracting sensible-utils...
I: Extracting systemd...
I: Extracting systemd-sysv...
I: Extracting sysv-rc...
I: Extracting sysvinit-utils...
I: Extracting tar...
I: Extracting tzdata...
I: Extracting udev...
I: Extracting util-linux...
I: Extracting zlib1g...
I: Installing core packages...
I: Unpacking required packages...
I: Unpacking adduser...
I: Unpacking base-files...
I: Unpacking base-passwd...
I: Unpacking bash...
I: Unpacking bsdutils...
I: Unpacking coreutils...
I: Unpacking dash...
I: Unpacking debconf...
I: Unpacking debianutils...
I: Unpacking diffutils...
I: Unpacking dmsetup...
I: Unpacking dpkg...
I: Unpacking e2fslibs:amd64...
I: Unpacking e2fsprogs...
I: Unpacking findutils...
I: Unpacking gcc-5-base:amd64...
I: Unpacking grep...
I: Unpacking gzip...
I: Unpacking hostname...
I: Unpacking init...
I: Unpacking initscripts...
I: Unpacking insserv...
I: Unpacking libacl1:amd64...
I: Unpacking libapparmor1:amd64...
I: Unpacking libattr1:amd64...
I: Unpacking libaudit-common...
I: Unpacking libaudit1:amd64...
I: Unpacking libblkid1:amd64...
I: Unpacking libbz2-1.0:amd64...
I: Unpacking libc-bin...
I: Unpacking libc6:amd64...
I: Unpacking libcap2:amd64...
I: Unpacking libcap2-bin...
I: Unpacking libcomerr2:amd64...
I: Unpacking libcryptsetup4:amd64...
I: Unpacking libdb5.3:amd64...
I: Unpacking libdebconfclient0:amd64...
I: Unpacking libdevmapper1.02.1:amd64...
I: Unpacking libfdisk1:amd64...
I: Unpacking libgcc1:amd64...
I: Unpacking libgcrypt20:amd64...
I: Unpacking libgpg-error0:amd64...
I: Unpacking libkmod2:amd64...
I: Unpacking liblzma5:amd64...
I: Unpacking libmount1:amd64...
I: Unpacking libncurses5:amd64...
I: Unpacking libncursesw5:amd64...
I: Unpacking libpam-modules:amd64...
I: Unpacking libpam-modules-bin...
I: Unpacking libpam-runtime...
I: Unpacking libpam0g:amd64...
I: Unpacking libpcre3:amd64...
I: Unpacking libprocps3:amd64...
I: Unpacking libseccomp2:amd64...
I: Unpacking libselinux1:amd64...
I: Unpacking libsemanage-common...
I: Unpacking libsemanage1:amd64...
I: Unpacking libsepol1:amd64...
I: Unpacking libslang2:amd64...
I: Unpacking libsmartcols1:amd64...
I: Unpacking libss2:amd64...
I: Unpacking libsystemd0:amd64...
I: Unpacking libtinfo5:amd64...
I: Unpacking libudev1:amd64...
I: Unpacking libustr-1.0-1:amd64...
I: Unpacking libuuid1:amd64...
I: Unpacking locales...
I: Unpacking login...
I: Unpacking lsb-base...
I: Unpacking makedev...
I: Unpacking mawk...
I: Unpacking mount...
I: Unpacking multiarch-support...
I: Unpacking ncurses-base...
I: Unpacking ncurses-bin...
I: Unpacking passwd...
I: Unpacking perl-base...
I: Unpacking procps...
I: Unpacking sed...
I: Unpacking sensible-utils...
I: Unpacking systemd...
I: Unpacking systemd-sysv...
I: Unpacking sysv-rc...
I: Unpacking sysvinit-utils...
I: Unpacking tar...
I: Unpacking tzdata...
I: Unpacking udev...
I: Unpacking util-linux...
I: Unpacking zlib1g:amd64...
I: Configuring required packages...
I: Configuring lsb-base...
I: Configuring sensible-utils...
I: Configuring ncurses-base...
I: Configuring libsemanage-common...
I: Configuring libaudit-common...
I: Configuring gcc-5-base:amd64...
I: Configuring libc6:amd64...
I: Configuring libbz2-1.0:amd64...
I: Configuring libkmod2:amd64...
I: Configuring libgpg-error0:amd64...
I: Configuring libseccomp2:amd64...
I: Configuring libapparmor1:amd64...
I: Configuring sysvinit-utils...
I: Configuring diffutils...
I: Configuring insserv...
I: Configuring findutils...
I: Configuring locales...
I: Configuring libgcc1:amd64...
I: Configuring libustr-1.0-1:amd64...
I: Configuring libsmartcols1:amd64...
I: Configuring libaudit1:amd64...
I: Configuring libtinfo5:amd64...
I: Configuring libudev1:amd64...
I: Configuring debianutils...
I: Configuring libgcrypt20:amd64...
I: Configuring libncursesw5:amd64...
I: Configuring libdb5.3:amd64...
I: Configuring zlib1g:amd64...
I: Configuring hostname...
I: Configuring multiarch-support...
I: Configuring mawk...
I: Configuring libcap2:amd64...
I: Configuring libprocps3:amd64...
I: Configuring libpcre3:amd64...
I: Configuring base-files...
I: Configuring libc-bin...
I: Configuring libdebconfclient0:amd64...
I: Configuring libselinux1:amd64...
I: Configuring libcomerr2:amd64...
I: Configuring ncurses-bin...
I: Configuring libslang2:amd64...
I: Configuring libsepol1:amd64...
I: Configuring libncurses5:amd64...
I: Configuring libattr1:amd64...
I: Configuring libss2:amd64...
I: Configuring liblzma5:amd64...
I: Configuring base-passwd...
I: Configuring e2fslibs:amd64...
I: Configuring libcap2-bin...
I: Configuring libsystemd0:amd64...
I: Configuring libdevmapper1.02.1:amd64...
I: Configuring libsemanage1:amd64...
I: Configuring libacl1:amd64...
I: Configuring makedev...
I: Configuring bsdutils...
I: Configuring coreutils...
I: Configuring tar...
I: Configuring dpkg...
I: Configuring sed...
I: Configuring perl-base...
I: Configuring grep...
I: Configuring debconf...
I: Configuring tzdata...
I: Configuring gzip...
I: Configuring dash...
I: Configuring sysv-rc...
I: Configuring libpam0g:amd64...
I: Configuring libpam-modules-bin...
I: Configuring bash...
I: Configuring libpam-modules:amd64...
I: Configuring libpam-runtime...
I: Configuring passwd...
I: Configuring login...
I: Configuring adduser...
I: Configuring libuuid1:amd64...
I: Configuring libblkid1:amd64...
I: Configuring libmount1:amd64...
I: Configuring libcryptsetup4:amd64...
I: Configuring mount...
I: Configuring libfdisk1:amd64...
I: Configuring initscripts...
I: Configuring util-linux...
I: Configuring e2fsprogs...
I: Configuring procps...
I: Configuring udev...
I: Configuring systemd...
I: Configuring dmsetup...
I: Configuring systemd-sysv...
I: Configuring init...
I: Configuring libc-bin...
I: Unpacking the base system...
I: Unpacking apt...
I: Unpacking dh-python...
I: Unpacking gnupg...
I: Unpacking gpgv...
I: Unpacking iproute...
I: Unpacking iproute2...
I: Unpacking libapt-pkg4.16:amd64...
I: Unpacking libdpkg-perl...
I: Unpacking libffi6:amd64...
I: Unpacking libgdbm3:amd64...
I: Unpacking libmpdec2:amd64...
I: Unpacking libpython3-stdlib:amd64...
I: Unpacking libpython3.4-stdlib:amd64...
I: Unpacking libreadline6:amd64...
I: Unpacking libsqlite3-0:amd64...
I: Unpacking libstdc++6:amd64...
I: Unpacking libusb-0.1-4:amd64...
I: Unpacking lsb-release...
I: Unpacking mime-support...
I: Unpacking netbase...
I: Unpacking perl...
I: Unpacking perl-modules...
I: Unpacking python3...
I: Unpacking python3.4...
I: Unpacking readline-common...
I: Unpacking ubuntu-keyring...
I: Unpacking inetutils-ping...
I: Configuring the base system...
I: Configuring readline-common...
I: Configuring libgdbm3:amd64...
I: Configuring mime-support...
I: Configuring gpgv...
I: Configuring perl-modules...
I: Configuring iproute2...
I: Configuring perl...
I: Configuring libsqlite3-0:amd64...
I: Configuring libstdc++6:amd64...
I: Configuring libffi6:amd64...
I: Configuring libusb-0.1-4:amd64...
I: Configuring libmpdec2:amd64...
I: Configuring ubuntu-keyring...
I: Configuring libreadline6:amd64...
I: Configuring netbase...
I: Configuring inetutils-ping...
I: Configuring iproute...
I: Configuring gnupg...
I: Configuring libdpkg-perl...
I: Configuring libapt-pkg4.16:amd64...
I: Configuring apt...
I: Configuring libpython3.4-stdlib:amd64...
I: Configuring libpython3-stdlib:amd64...
I: Configuring python3.4...
I: Configuring python3...
I: Configuring lsb-release...
I: Configuring dh-python...
I: Configuring libc-bin...
I: Base system installed successfully.
+ echo exit 101 > '/data/home/martijnvanmaurik/project-prive/docker-shared/dockerfiles/ubuntu/wily/rootfs/usr/sbin/policy-rc.d'
+ rootfs_chroot dpkg-divert --local --rename --add /sbin/initctl
+ PATH=/usr/local/sbin:/usr/local/bin:/usr/sbin:/usr/bin:/sbin:/bin
+ /usr/sbin/chroot /data/home/martijnvanmaurik/project-prive/docker-shared/dockerfiles/ubuntu/wily/rootfs dpkg-divert --local --rename --add /sbin/initctl
Adding 'local diversion of /sbin/initctl to /sbin/initctl.distrib'
+ cp -a /data/home/martijnvanmaurik/project-prive/docker-shared/dockerfiles/ubuntu/wily/rootfs/usr/sbin/policy-rc.d /data/home/martijnvanmaurik/project-prive/docker-shared/dockerfiles/ubuntu/wily/rootfs/sbin/initctl
+ sed -i 's/^exit.*/exit 0/' /data/home/martijnvanmaurik/project-prive/docker-shared/dockerfiles/ubuntu/wily/rootfs/sbin/initctl
+ rootfs_chroot apt-get clean
+ PATH=/usr/local/sbin:/usr/local/bin:/usr/sbin:/usr/bin:/sbin:/bin
+ /usr/sbin/chroot /data/home/martijnvanmaurik/project-prive/docker-shared/dockerfiles/ubuntu/wily/rootfs apt-get clean
+ echo force-unsafe-io > '/data/home/martijnvanmaurik/project-prive/docker-shared/dockerfiles/ubuntu/wily/rootfs/etc/dpkg/dpkg.cfg.d/docker-apt-speedup'
+ cat > '/data/home/martijnvanmaurik/project-prive/docker-shared/dockerfiles/ubuntu/wily/rootfs/etc/apt/apt.conf.d/docker-clean'
+ echo Acquire::Languages 'none' > '/data/home/martijnvanmaurik/project-prive/docker-shared/dockerfiles/ubuntu/wily/rootfs/etc/apt/apt.conf.d/docker-no-languages'
+ echo Acquire::GzipIndexes 'true' > '/data/home/martijnvanmaurik/project-prive/docker-shared/dockerfiles/ubuntu/wily/rootfs/etc/apt/apt.conf.d/docker-gzip-indexes'
+ echo Apt::AutoRemove::SuggestsImportant 'false' > '/data/home/martijnvanmaurik/project-prive/docker-shared/dockerfiles/ubuntu/wily/rootfs/etc/apt/apt.conf.d/docker-autoremove-suggests'
+ sed -i '
					p;
					s/ wily / wily-updates /; p;
					s/ wily-updates / wily-security /
				' /data/home/martijnvanmaurik/project-prive/docker-shared/dockerfiles/ubuntu/wily/rootfs/etc/apt/sources.list
+ rootfs_chroot sh -xc 'apt-get update && apt-get dist-upgrade -y'
+ PATH=/usr/local/sbin:/usr/local/bin:/usr/sbin:/usr/bin:/sbin:/bin
+ /usr/sbin/chroot /data/home/martijnvanmaurik/project-prive/docker-shared/dockerfiles/ubuntu/wily/rootfs sh -xc 'apt-get update && apt-get dist-upgrade -y'
+ apt-get update
Get:1 http://de.archive.ubuntu.com wily InRelease [218 kB]
Get:2 http://de.archive.ubuntu.com wily-updates InRelease [65.9 kB]
Get:3 http://de.archive.ubuntu.com wily-security InRelease [65.9 kB]
Get:4 http://de.archive.ubuntu.com wily/main amd64 Packages [1833 kB]
Get:5 http://de.archive.ubuntu.com wily/universe amd64 Packages [8673 kB]
Get:6 http://de.archive.ubuntu.com wily-updates/main amd64 Packages [262 kB]
Get:7 http://de.archive.ubuntu.com wily-updates/universe amd64 Packages [115 kB]
Get:8 http://de.archive.ubuntu.com wily-security/main amd64 Packages [182 kB]
Get:9 http://de.archive.ubuntu.com wily-security/universe amd64 Packages [61.2 kB]
Fetched 11.5 MB in 3s (3750 kB/s)
Reading package lists...
+ apt-get dist-upgrade -y
Reading package lists...
Building dependency tree...
The following packages will be upgraded:
  dpkg initscripts libc-bin libc6 libdpkg-perl libgcrypt20 libpam-modules
  libpam-modules-bin libpam-runtime libpam0g libpcre3 libssl1.0.0 libsystemd0
  libudev1 multiarch-support perl perl-base perl-modules systemd systemd-sysv
  sysv-rc sysvinit-utils tzdata udev
24 upgraded, 0 newly installed, 0 to remove and 0 not upgraded.
Need to get 21.4 MB of archives.
After this operation, 1354 kB of additional disk space will be used.
Get:1 http://de.archive.ubuntu.com/ubuntu/ wily-updates/main dpkg amd64 1.18.2ubuntu5.1 [2086 kB]
Get:2 http://de.archive.ubuntu.com/ubuntu/ wily-updates/main perl amd64 5.20.2-6ubuntu0.2 [2635 kB]
Get:3 http://de.archive.ubuntu.com/ubuntu/ wily-updates/main perl-base amd64 5.20.2-6ubuntu0.2 [1204 kB]
Get:4 http://de.archive.ubuntu.com/ubuntu/ wily-updates/main perl-modules all 5.20.2-6ubuntu0.2 [2482 kB]
Get:5 http://de.archive.ubuntu.com/ubuntu/ wily-updates/main libc-bin amd64 2.21-0ubuntu4.1 [1171 kB]
Get:6 http://de.archive.ubuntu.com/ubuntu/ wily-updates/main libc6 amd64 2.21-0ubuntu4.1 [4760 kB]
Get:7 http://de.archive.ubuntu.com/ubuntu/ wily-updates/main libpam0g amd64 1.1.8-3.1ubuntu3.2 [55.7 kB]
Get:8 http://de.archive.ubuntu.com/ubuntu/ wily-updates/main libpam-modules-bin amd64 1.1.8-3.1ubuntu3.2 [37.1 kB]
Get:9 http://de.archive.ubuntu.com/ubuntu/ wily-updates/main libpam-modules amd64 1.1.8-3.1ubuntu3.2 [244 kB]
Get:10 http://de.archive.ubuntu.com/ubuntu/ wily-updates/main libpcre3 amd64 2:8.35-7.1ubuntu1.3 [222 kB]
Get:11 http://de.archive.ubuntu.com/ubuntu/ wily-updates/main libudev1 amd64 225-1ubuntu9.1 [54.7 kB]
Get:12 http://de.archive.ubuntu.com/ubuntu/ wily-updates/main udev amd64 225-1ubuntu9.1 [970 kB]
Get:13 http://de.archive.ubuntu.com/ubuntu/ wily-updates/main sysvinit-utils amd64 2.88dsf-59.2ubuntu2.1 [25.7 kB]
Get:14 http://de.archive.ubuntu.com/ubuntu/ wily-updates/main sysv-rc all 2.88dsf-59.2ubuntu2.1 [36.1 kB]
Get:15 http://de.archive.ubuntu.com/ubuntu/ wily-updates/main libsystemd0 amd64 225-1ubuntu9.1 [200 kB]
Get:16 http://de.archive.ubuntu.com/ubuntu/ wily-updates/main systemd amd64 225-1ubuntu9.1 [3331 kB]
Get:17 http://de.archive.ubuntu.com/ubuntu/ wily-updates/main systemd-sysv amd64 225-1ubuntu9.1 [13.0 kB]
Get:18 http://de.archive.ubuntu.com/ubuntu/ wily-updates/main initscripts amd64 2.88dsf-59.2ubuntu2.1 [24.8 kB]
Get:19 http://de.archive.ubuntu.com/ubuntu/ wily-updates/main libgcrypt20 amd64 1.6.3-2ubuntu1.1 [336 kB]
Get:20 http://de.archive.ubuntu.com/ubuntu/ wily-updates/main libpam-runtime all 1.1.8-3.1ubuntu3.2 [37.8 kB]
Get:21 http://de.archive.ubuntu.com/ubuntu/ wily-updates/main multiarch-support amd64 2.21-0ubuntu4.1 [7188 B]
Get:22 http://de.archive.ubuntu.com/ubuntu/ wily-updates/main tzdata all 2016c-0ubuntu0.15.10 [166 kB]
Get:23 http://de.archive.ubuntu.com/ubuntu/ wily-updates/main libdpkg-perl all 1.18.2ubuntu5.1 [194 kB]
Get:24 http://de.archive.ubuntu.com/ubuntu/ wily-updates/main libssl1.0.0 amd64 1.0.2d-0ubuntu1.4 [1082 kB]
perl: warning: Setting locale failed.
perl: warning: Please check that your locale settings:
	LANGUAGE = "en",
	LC_ALL = "en_US.utf8",
	LC_TIME = "nl_NL.UTF-8",
	LC_MONETARY = "nl_NL.UTF-8",
	LC_ADDRESS = "nl_NL.UTF-8",
	LC_TELEPHONE = "nl_NL.UTF-8",
	LC_NAME = "nl_NL.UTF-8",
	LC_MEASUREMENT = "nl_NL.UTF-8",
	LC_IDENTIFICATION = "nl_NL.UTF-8",
	LC_NUMERIC = "nl_NL.UTF-8",
	LC_PAPER = "nl_NL.UTF-8",
	LANG = "en_US.UTF-8"
    are supported and installed on your system.
perl: warning: Falling back to the standard locale ("C").
debconf: delaying package configuration, since apt-utils is not installed
Fetched 21.4 MB in 7s (2881 kB/s)
E: Can not write log (Is /dev/pts mounted?) - posix_openpt (2: No such file or directory)
(Reading database ... 9724 files and directories currently installed.)
Preparing to unpack .../dpkg_1.18.2ubuntu5.1_amd64.deb ...
Unpacking dpkg (1.18.2ubuntu5.1) over (1.18.2ubuntu5) ...
Setting up dpkg (1.18.2ubuntu5.1) ...
(Reading database ... 9724 files and directories currently installed.)
Preparing to unpack .../perl_5.20.2-6ubuntu0.2_amd64.deb ...
Unpacking perl (5.20.2-6ubuntu0.2) over (5.20.2-6) ...
Preparing to unpack .../perl-base_5.20.2-6ubuntu0.2_amd64.deb ...
Unpacking perl-base (5.20.2-6ubuntu0.2) over (5.20.2-6) ...
Setting up perl-base (5.20.2-6ubuntu0.2) ...
(Reading database ... 9724 files and directories currently installed.)
Preparing to unpack .../perl-modules_5.20.2-6ubuntu0.2_all.deb ...
Unpacking perl-modules (5.20.2-6ubuntu0.2) over (5.20.2-6) ...
Preparing to unpack .../libc-bin_2.21-0ubuntu4.1_amd64.deb ...
Unpacking libc-bin (2.21-0ubuntu4.1) over (2.21-0ubuntu4) ...
Setting up libc-bin (2.21-0ubuntu4.1) ...
(Reading database ... 9724 files and directories currently installed.)
Preparing to unpack .../libc6_2.21-0ubuntu4.1_amd64.deb ...
debconf: unable to initialize frontend: Dialog
debconf: (No usable dialog-like program is installed, so the dialog based frontend cannot be used. at /usr/share/perl5/Debconf/FrontEnd/Dialog.pm line 76.)
debconf: falling back to frontend: Readline
Unpacking libc6:amd64 (2.21-0ubuntu4.1) over (2.21-0ubuntu4) ...
Setting up libc6:amd64 (2.21-0ubuntu4.1) ...
debconf: unable to initialize frontend: Dialog
debconf: (No usable dialog-like program is installed, so the dialog based frontend cannot be used. at /usr/share/perl5/Debconf/FrontEnd/Dialog.pm line 76.)
debconf: falling back to frontend: Readline
Processing triggers for libc-bin (2.21-0ubuntu4.1) ...
(Reading database ... 9724 files and directories currently installed.)
Preparing to unpack .../libpam0g_1.1.8-3.1ubuntu3.2_amd64.deb ...
Unpacking libpam0g:amd64 (1.1.8-3.1ubuntu3.2) over (1.1.8-3.1ubuntu3) ...
Setting up libpam0g:amd64 (1.1.8-3.1ubuntu3.2) ...
debconf: unable to initialize frontend: Dialog
debconf: (No usable dialog-like program is installed, so the dialog based frontend cannot be used. at /usr/share/perl5/Debconf/FrontEnd/Dialog.pm line 76.)
debconf: falling back to frontend: Readline
Processing triggers for libc-bin (2.21-0ubuntu4.1) ...
(Reading database ... 9724 files and directories currently installed.)
Preparing to unpack .../libpam-modules-bin_1.1.8-3.1ubuntu3.2_amd64.deb ...
Unpacking libpam-modules-bin (1.1.8-3.1ubuntu3.2) over (1.1.8-3.1ubuntu3) ...
Setting up libpam-modules-bin (1.1.8-3.1ubuntu3.2) ...
(Reading database ... 9724 files and directories currently installed.)
Preparing to unpack .../libpam-modules_1.1.8-3.1ubuntu3.2_amd64.deb ...
debconf: unable to initialize frontend: Dialog
debconf: (No usable dialog-like program is installed, so the dialog based frontend cannot be used. at /usr/share/perl5/Debconf/FrontEnd/Dialog.pm line 76.)
debconf: falling back to frontend: Readline
Unpacking libpam-modules:amd64 (1.1.8-3.1ubuntu3.2) over (1.1.8-3.1ubuntu3) ...
Setting up libpam-modules:amd64 (1.1.8-3.1ubuntu3.2) ...
(Reading database ... 9724 files and directories currently installed.)
Preparing to unpack .../libpcre3_2%3a8.35-7.1ubuntu1.3_amd64.deb ...
Unpacking libpcre3:amd64 (2:8.35-7.1ubuntu1.3) over (2:8.35-7.1ubuntu1) ...
Setting up libpcre3:amd64 (2:8.35-7.1ubuntu1.3) ...
Processing triggers for libc-bin (2.21-0ubuntu4.1) ...
(Reading database ... 9724 files and directories currently installed.)
Preparing to unpack .../libudev1_225-1ubuntu9.1_amd64.deb ...
Unpacking libudev1:amd64 (225-1ubuntu9.1) over (225-1ubuntu9) ...
Setting up libudev1:amd64 (225-1ubuntu9.1) ...
Processing triggers for libc-bin (2.21-0ubuntu4.1) ...
(Reading database ... 9724 files and directories currently installed.)
Preparing to unpack .../udev_225-1ubuntu9.1_amd64.deb ...
Unpacking udev (225-1ubuntu9.1) over (225-1ubuntu9) ...
Setting up udev (225-1ubuntu9.1) ...
addgroup: The group `input' already exists as a system group. Exiting.
A chroot environment has been detected, udev not started.
Processing triggers for systemd (225-1ubuntu9) ...
(Reading database ... 9724 files and directories currently installed.)
Preparing to unpack .../sysvinit-utils_2.88dsf-59.2ubuntu2.1_amd64.deb ...
Unpacking sysvinit-utils (2.88dsf-59.2ubuntu2.1) over (2.88dsf-59.2ubuntu2) ...
Setting up sysvinit-utils (2.88dsf-59.2ubuntu2.1) ...
(Reading database ... 9724 files and directories currently installed.)
Preparing to unpack .../sysv-rc_2.88dsf-59.2ubuntu2.1_all.deb ...
Unpacking sysv-rc (2.88dsf-59.2ubuntu2.1) over (2.88dsf-59.2ubuntu2) ...
Setting up sysv-rc (2.88dsf-59.2ubuntu2.1) ...
Processing triggers for systemd (225-1ubuntu9) ...
(Reading database ... 9724 files and directories currently installed.)
Preparing to unpack .../libsystemd0_225-1ubuntu9.1_amd64.deb ...
Unpacking libsystemd0:amd64 (225-1ubuntu9.1) over (225-1ubuntu9) ...
Setting up libsystemd0:amd64 (225-1ubuntu9.1) ...
Processing triggers for libc-bin (2.21-0ubuntu4.1) ...
(Reading database ... 9724 files and directories currently installed.)
Preparing to unpack .../systemd_225-1ubuntu9.1_amd64.deb ...
Unpacking systemd (225-1ubuntu9.1) over (225-1ubuntu9) ...
Setting up systemd (225-1ubuntu9.1) ...
addgroup: The group `systemd-journal' already exists as a system group. Exiting.
(Reading database ... 9724 files and directories currently installed.)
Preparing to unpack .../systemd-sysv_225-1ubuntu9.1_amd64.deb ...
Unpacking systemd-sysv (225-1ubuntu9.1) over (225-1ubuntu9) ...
Setting up systemd-sysv (225-1ubuntu9.1) ...
(Reading database ... 9724 files and directories currently installed.)
Preparing to unpack .../initscripts_2.88dsf-59.2ubuntu2.1_amd64.deb ...
Unpacking initscripts (2.88dsf-59.2ubuntu2.1) over (2.88dsf-59.2ubuntu2) ...
Processing triggers for systemd (225-1ubuntu9.1) ...
Setting up initscripts (2.88dsf-59.2ubuntu2.1) ...
(Reading database ... 9724 files and directories currently installed.)
Preparing to unpack .../libgcrypt20_1.6.3-2ubuntu1.1_amd64.deb ...
Unpacking libgcrypt20:amd64 (1.6.3-2ubuntu1.1) over (1.6.3-2ubuntu1) ...
Setting up libgcrypt20:amd64 (1.6.3-2ubuntu1.1) ...
Processing triggers for libc-bin (2.21-0ubuntu4.1) ...
(Reading database ... 9724 files and directories currently installed.)
Preparing to unpack .../libpam-runtime_1.1.8-3.1ubuntu3.2_all.deb ...
Unpacking libpam-runtime (1.1.8-3.1ubuntu3.2) over (1.1.8-3.1ubuntu3) ...
Setting up libpam-runtime (1.1.8-3.1ubuntu3.2) ...
debconf: unable to initialize frontend: Dialog
debconf: (No usable dialog-like program is installed, so the dialog based frontend cannot be used. at /usr/share/perl5/Debconf/FrontEnd/Dialog.pm line 76.)
debconf: falling back to frontend: Readline
(Reading database ... 9724 files and directories currently installed.)
Preparing to unpack .../multiarch-support_2.21-0ubuntu4.1_amd64.deb ...
Unpacking multiarch-support (2.21-0ubuntu4.1) over (2.21-0ubuntu4) ...
Setting up multiarch-support (2.21-0ubuntu4.1) ...
(Reading database ... 9724 files and directories currently installed.)
Preparing to unpack .../tzdata_2016c-0ubuntu0.15.10_all.deb ...
Unpacking tzdata (2016c-0ubuntu0.15.10) over (2015g-1) ...
Setting up tzdata (2016c-0ubuntu0.15.10) ...
debconf: unable to initialize frontend: Dialog
debconf: (No usable dialog-like program is installed, so the dialog based frontend cannot be used. at /usr/share/perl5/Debconf/FrontEnd/Dialog.pm line 76.)
debconf: falling back to frontend: Readline

Current default time zone: 'Etc/UTC'
Local time is now:      Wed Apr  6 16:27:44 UTC 2016.
Universal Time is now:  Wed Apr  6 16:27:44 UTC 2016.
Run 'dpkg-reconfigure tzdata' if you wish to change it.

(Reading database ... 9733 files and directories currently installed.)
Preparing to unpack .../libdpkg-perl_1.18.2ubuntu5.1_all.deb ...
Unpacking libdpkg-perl (1.18.2ubuntu5.1) over (1.18.2ubuntu5) ...
Preparing to unpack .../libssl1.0.0_1.0.2d-0ubuntu1.4_amd64.deb ...
Unpacking libssl1.0.0:amd64 (1.0.2d-0ubuntu1.4) over (1.0.2d-0ubuntu1) ...
Setting up perl-modules (5.20.2-6ubuntu0.2) ...
Setting up perl (5.20.2-6ubuntu0.2) ...
Setting up libdpkg-perl (1.18.2ubuntu5.1) ...
Setting up libssl1.0.0:amd64 (1.0.2d-0ubuntu1.4) ...
debconf: unable to initialize frontend: Dialog
debconf: (No usable dialog-like program is installed, so the dialog based frontend cannot be used. at /usr/share/perl5/Debconf/FrontEnd/Dialog.pm line 76.)
debconf: falling back to frontend: Readline
Processing triggers for libc-bin (2.21-0ubuntu4.1) ...
+ rm -rf /data/home/martijnvanmaurik/project-prive/docker-shared/dockerfiles/ubuntu/wily/rootfs/var/lib/apt/lists/de.archive.ubuntu.com_ubuntu_dists_wily_InRelease /data/home/martijnvanmaurik/project-prive/docker-shared/dockerfiles/ubuntu/wily/rootfs/var/lib/apt/lists/de.archive.ubuntu.com_ubuntu_dists_wily_main_binary-amd64_Packages.gz /data/home/martijnvanmaurik/project-prive/docker-shared/dockerfiles/ubuntu/wily/rootfs/var/lib/apt/lists/de.archive.ubuntu.com_ubuntu_dists_wily-security_InRelease /data/home/martijnvanmaurik/project-prive/docker-shared/dockerfiles/ubuntu/wily/rootfs/var/lib/apt/lists/de.archive.ubuntu.com_ubuntu_dists_wily-security_main_binary-amd64_Packages.gz /data/home/martijnvanmaurik/project-prive/docker-shared/dockerfiles/ubuntu/wily/rootfs/var/lib/apt/lists/de.archive.ubuntu.com_ubuntu_dists_wily-security_universe_binary-amd64_Packages.gz /data/home/martijnvanmaurik/project-prive/docker-shared/dockerfiles/ubuntu/wily/rootfs/var/lib/apt/lists/de.archive.ubuntu.com_ubuntu_dists_wily_universe_binary-amd64_Packages.gz /data/home/martijnvanmaurik/project-prive/docker-shared/dockerfiles/ubuntu/wily/rootfs/var/lib/apt/lists/de.archive.ubuntu.com_ubuntu_dists_wily-updates_InRelease /data/home/martijnvanmaurik/project-prive/docker-shared/dockerfiles/ubuntu/wily/rootfs/var/lib/apt/lists/de.archive.ubuntu.com_ubuntu_dists_wily-updates_main_binary-amd64_Packages.gz /data/home/martijnvanmaurik/project-prive/docker-shared/dockerfiles/ubuntu/wily/rootfs/var/lib/apt/lists/de.archive.ubuntu.com_ubuntu_dists_wily-updates_universe_binary-amd64_Packages.gz /data/home/martijnvanmaurik/project-prive/docker-shared/dockerfiles/ubuntu/wily/rootfs/var/lib/apt/lists/lock /data/home/martijnvanmaurik/project-prive/docker-shared/dockerfiles/ubuntu/wily/rootfs/var/lib/apt/lists/partial
+ mkdir /data/home/martijnvanmaurik/project-prive/docker-shared/dockerfiles/ubuntu/wily/rootfs/var/lib/apt/lists/partial
+ curl -sL https://github.com/krallin/tini/releases/download/v0.9.0/tini-static -o /data/home/martijnvanmaurik/project-prive/docker-shared/dockerfiles/ubuntu/wily/rootfs/usr/bin/tini
+ chmod +x /data/home/martijnvanmaurik/project-prive/docker-shared/dockerfiles/ubuntu/wily/rootfs/usr/bin/tini
+ tar --numeric-owner --create --auto-compress --file /data/home/martijnvanmaurik/project-prive/docker-shared/dockerfiles/ubuntu/wily/rootfs.tar.xz --directory /data/home/martijnvanmaurik/project-prive/docker-shared/dockerfiles/ubuntu/wily/rootfs '--transform=s,^./,,' .
+ cat > '/data/home/martijnvanmaurik/project-prive/docker-shared/dockerfiles/ubuntu/wily/Dockerfile'
+ echo 'CMD ["/bin/bash"]'
+ rm -rf /data/home/martijnvanmaurik/project-prive/docker-shared/dockerfiles/ubuntu/wily/rootfs
